{"meta": {"format": 3, "version": "7.11.0", "timestamp": "2025-11-18T17:44:56.166476", "branch_coverage": false, "show_contexts": false}, "files": {"app/__init__.py": {"executed_lines": [1, 15], "summary": {"covered_lines": 1, "num_statements": 1, "percent_covered": 100.0, "percent_covered_display": "100", "missing_lines": 0, "excluded_lines": 0}, "missing_lines": [], "excluded_lines": [], "functions": {"": {"executed_lines": [1, 15], "summary": {"covered_lines": 1, "num_statements": 1, "percent_covered": 100.0, "percent_covered_display": "100", "missing_lines": 0, "excluded_lines": 0}, "missing_lines": [], "excluded_lines": []}}, "classes": {"": {"executed_lines": [1, 15], "summary": {"covered_lines": 1, "num_statements": 1, "percent_covered": 100.0, "percent_covered_display": "100", "missing_lines": 0, "excluded_lines": 0}, "missing_lines": [], "excluded_lines": []}}}, "app/cli/__init__.py": {"executed_lines": [], "summary": {"covered_lines": 0, "num_statements": 0, "percent_covered": 100.0, "percent_covered_display": "100", "missing_lines": 0, "excluded_lines": 0}, "missing_lines": [], "excluded_lines": [], "functions": {"": {"executed_lines": [], "summary": {"covered_lines": 0, "num_statements": 0, "percent_covered": 100.0, "percent_covered_display": "100", "missing_lines": 0, "excluded_lines": 0}, "missing_lines": [], "excluded_lines": []}}, "classes": {"": {"executed_lines": [], "summary": {"covered_lines": 0, "num_statements": 0, "percent_covered": 100.0, "percent_covered_display": "100", "missing_lines": 0, "excluded_lines": 0}, "missing_lines": [], "excluded_lines": []}}}, "app/cli/ris_scanner.py": {"executed_lines": [], "summary": {"covered_lines": 0, "num_statements": 484, "percent_covered": 0.0, "percent_covered_display": "0", "missing_lines": 484, "excluded_lines": 0}, "missing_lines": [11, 12, 13, 14, 15, 18, 20, 21, 23, 24, 39, 43, 46, 48, 49, 50, 53, 63, 65, 68, 71, 74, 75, 76, 77, 78, 80, 81, 82, 84, 85, 86, 89, 91, 92, 93, 96, 101, 102, 103, 104, 105, 108, 109, 115, 116, 118, 120, 121, 122, 123, 126, 129, 137, 139, 140, 142, 143, 144, 145, 147, 148, 149, 151, 152, 154, 155, 158, 161, 164, 165, 166, 167, 169, 170, 172, 173, 174, 177, 178, 179, 182, 187, 188, 189, 191, 192, 195, 196, 202, 203, 205, 206, 207, 208, 211, 213, 214, 215, 216, 219, 220, 221, 222, 223, 224, 225, 227, 230, 238, 239, 240, 242, 243, 245, 246, 248, 250, 251, 252, 254, 255, 258, 259, 261, 263, 264, 265, 266, 268, 269, 271, 273, 274, 275, 276, 279, 282, 290, 291, 292, 294, 295, 296, 299, 301, 302, 303, 305, 306, 307, 309, 310, 311, 312, 314, 316, 317, 318, 319, 321, 323, 325, 326, 327, 328, 331, 334, 342, 343, 344, 346, 347, 349, 351, 357, 359, 360, 361, 363, 366, 374, 376, 378, 379, 380, 381, 383, 385, 387, 388, 389, 390, 393, 396, 403, 404, 405, 407, 408, 409, 411, 413, 414, 416, 417, 418, 419, 420, 422, 424, 426, 427, 428, 429, 432, 435, 444, 445, 446, 448, 449, 450, 451, 454, 466, 467, 469, 470, 471, 473, 475, 476, 477, 478, 480, 482, 483, 484, 486, 488, 489, 490, 491, 492, 493, 495, 497, 506, 507, 509, 510, 511, 513, 515, 516, 517, 518, 521, 524, 532, 533, 534, 536, 537, 538, 540, 542, 543, 544, 545, 547, 548, 550, 552, 554, 555, 556, 557, 560, 563, 570, 571, 572, 574, 575, 576, 579, 588, 589, 591, 592, 593, 594, 596, 597, 600, 601, 602, 604, 605, 606, 607, 608, 609, 612, 613, 615, 616, 619, 620, 623, 625, 626, 629, 636, 639, 642, 643, 644, 645, 646, 647, 649, 650, 651, 652, 654, 655, 656, 657, 658, 659, 660, 661, 662, 664, 665, 666, 667, 669, 670, 671, 672, 674, 675, 676, 677, 680, 683, 691, 692, 693, 696, 703, 705, 706, 707, 709, 711, 712, 713, 715, 716, 717, 719, 721, 722, 723, 724, 725, 726, 727, 729, 731, 732, 733, 735, 737, 738, 739, 740, 741, 742, 744, 745, 746, 747, 750, 753, 762, 763, 764, 766, 767, 768, 770, 771, 772, 773, 775, 776, 777, 780, 781, 783, 784, 785, 786, 787, 789, 790, 791, 792, 795, 798, 800, 804, 807, 808, 809, 810, 811, 812, 815, 816, 817, 818, 821, 822, 823, 826, 827, 828, 831, 832, 833, 836, 837, 840, 841, 842, 843, 846, 847, 848, 851, 852, 855, 856, 857, 860, 861, 862, 863, 865, 868, 869, 872, 873, 879, 880, 884, 885, 889, 890, 894, 895, 899, 900, 903, 904, 909, 910, 914, 915, 918, 919, 923, 924, 930, 931, 934, 935], "excluded_lines": [], "functions": {"create_session": {"executed_lines": [], "summary": {"covered_lines": 0, "num_statements": 3, "percent_covered": 0.0, "percent_covered_display": "0", "missing_lines": 3, "excluded_lines": 0}, "missing_lines": [48, 49, 50], "excluded_lines": []}, "scan_repository": {"executed_lines": [], "summary": {"covered_lines": 0, "num_statements": 35, "percent_covered": 0.0, "percent_covered_display": "0", "missing_lines": 35, "excluded_lines": 0}, "missing_lines": [63, 65, 68, 71, 74, 75, 76, 77, 78, 80, 81, 82, 84, 85, 86, 89, 91, 92, 93, 96, 101, 102, 103, 104, 105, 108, 109, 115, 116, 118, 120, 121, 122, 123, 126], "excluded_lines": []}, "scan_all_repositories": {"executed_lines": [], "summary": {"covered_lines": 0, "num_statements": 55, "percent_covered": 0.0, "percent_covered_display": "0", "missing_lines": 55, "excluded_lines": 0}, "missing_lines": [137, 139, 140, 142, 143, 144, 145, 147, 148, 149, 151, 152, 154, 155, 158, 161, 164, 165, 166, 167, 169, 170, 172, 173, 174, 177, 178, 179, 182, 187, 188, 189, 191, 192, 195, 196, 202, 203, 205, 206, 207, 208, 211, 213, 214, 215, 216, 219, 220, 221, 222, 223, 224, 225, 227], "excluded_lines": []}, "analyze_dependencies": {"executed_lines": [], "summary": {"covered_lines": 0, "num_statements": 28, "percent_covered": 0.0, "percent_covered_display": "0", "missing_lines": 28, "excluded_lines": 0}, "missing_lines": [238, 239, 240, 242, 243, 245, 246, 248, 250, 251, 252, 254, 255, 258, 259, 261, 263, 264, 265, 266, 268, 269, 271, 273, 274, 275, 276, 279], "excluded_lines": []}, "find_dependents": {"executed_lines": [], "summary": {"covered_lines": 0, "num_statements": 29, "percent_covered": 0.0, "percent_covered_display": "0", "missing_lines": 29, "excluded_lines": 0}, "missing_lines": [290, 291, 292, 294, 295, 296, 299, 301, 302, 303, 305, 306, 307, 309, 310, 311, 312, 314, 316, 317, 318, 319, 321, 323, 325, 326, 327, 328, 331], "excluded_lines": []}, "find_dependencies": {"executed_lines": [], "summary": {"covered_lines": 0, "num_statements": 26, "percent_covered": 0.0, "percent_covered_display": "0", "missing_lines": 26, "excluded_lines": 0}, "missing_lines": [342, 343, 344, 346, 347, 349, 351, 357, 359, 360, 361, 363, 366, 374, 376, 378, 379, 380, 381, 383, 385, 387, 388, 389, 390, 393], "excluded_lines": []}, "detect_circular": {"executed_lines": [], "summary": {"covered_lines": 0, "num_statements": 21, "percent_covered": 0.0, "percent_covered_display": "0", "missing_lines": 21, "excluded_lines": 0}, "missing_lines": [403, 404, 405, 407, 408, 409, 411, 413, 414, 416, 417, 418, 419, 420, 422, 424, 426, 427, 428, 429, 432], "excluded_lines": []}, "export_graph": {"executed_lines": [], "summary": {"covered_lines": 0, "num_statements": 42, "percent_covered": 0.0, "percent_covered_display": "0", "missing_lines": 42, "excluded_lines": 0}, "missing_lines": [444, 445, 446, 448, 449, 450, 451, 454, 466, 467, 469, 470, 471, 473, 475, 476, 477, 478, 480, 482, 483, 484, 486, 488, 489, 490, 491, 492, 493, 495, 497, 506, 507, 509, 510, 511, 513, 515, 516, 517, 518, 521], "excluded_lines": []}, "find_critical_files": {"executed_lines": [], "summary": {"covered_lines": 0, "num_statements": 20, "percent_covered": 0.0, "percent_covered_display": "0", "missing_lines": 20, "excluded_lines": 0}, "missing_lines": [532, 533, 534, 536, 537, 538, 540, 542, 543, 544, 545, 547, 548, 550, 552, 554, 555, 556, 557, 560], "excluded_lines": []}, "scan_security": {"executed_lines": [], "summary": {"covered_lines": 0, "num_statements": 68, "percent_covered": 0.0, "percent_covered_display": "0", "missing_lines": 68, "excluded_lines": 0}, "missing_lines": [570, 571, 572, 574, 575, 576, 579, 588, 589, 591, 592, 593, 594, 596, 597, 600, 601, 602, 604, 605, 606, 607, 608, 609, 612, 613, 615, 616, 619, 620, 623, 625, 626, 629, 636, 639, 642, 643, 644, 645, 646, 647, 649, 650, 651, 652, 654, 655, 656, 657, 658, 659, 660, 661, 662, 664, 665, 666, 667, 669, 670, 671, 672, 674, 675, 676, 677, 680], "excluded_lines": []}, "list_risks": {"executed_lines": [], "summary": {"covered_lines": 0, "num_statements": 39, "percent_covered": 0.0, "percent_covered_display": "0", "missing_lines": 39, "excluded_lines": 0}, "missing_lines": [691, 692, 693, 696, 703, 705, 706, 707, 709, 711, 712, 713, 715, 716, 717, 719, 721, 722, 723, 724, 725, 726, 727, 729, 731, 732, 733, 735, 737, 738, 739, 740, 741, 742, 744, 745, 746, 747, 750], "excluded_lines": []}, "generate_security_report": {"executed_lines": [], "summary": {"covered_lines": 0, "num_statements": 25, "percent_covered": 0.0, "percent_covered_display": "0", "missing_lines": 25, "excluded_lines": 0}, "missing_lines": [762, 763, 764, 766, 767, 768, 770, 771, 772, 773, 775, 776, 777, 780, 781, 783, 784, 785, 786, 787, 789, 790, 791, 792, 795], "excluded_lines": []}, "main": {"executed_lines": [], "summary": {"covered_lines": 0, "num_statements": 66, "percent_covered": 0.0, "percent_covered_display": "0", "missing_lines": 66, "excluded_lines": 0}, "missing_lines": [800, 804, 807, 808, 809, 810, 811, 812, 815, 816, 817, 818, 821, 822, 823, 826, 827, 828, 831, 832, 833, 836, 837, 840, 841, 842, 843, 846, 847, 848, 851, 852, 855, 856, 857, 860, 861, 862, 863, 865, 868, 869, 872, 873, 879, 880, 884, 885, 889, 890, 894, 895, 899, 900, 903, 904, 909, 910, 914, 915, 918, 919, 923, 924, 930, 931], "excluded_lines": []}, "": {"executed_lines": [], "summary": {"covered_lines": 0, "num_statements": 27, "percent_covered": 0.0, "percent_covered_display": "0", "missing_lines": 27, "excluded_lines": 0}, "missing_lines": [11, 12, 13, 14, 15, 18, 20, 21, 23, 24, 39, 43, 46, 53, 129, 230, 282, 334, 396, 435, 524, 563, 683, 753, 798, 934, 935], "excluded_lines": []}}, "classes": {"": {"executed_lines": [], "summary": {"covered_lines": 0, "num_statements": 484, "percent_covered": 0.0, "percent_covered_display": "0", "missing_lines": 484, "excluded_lines": 0}, "missing_lines": [11, 12, 13, 14, 15, 18, 20, 21, 23, 24, 39, 43, 46, 48, 49, 50, 53, 63, 65, 68, 71, 74, 75, 76, 77, 78, 80, 81, 82, 84, 85, 86, 89, 91, 92, 93, 96, 101, 102, 103, 104, 105, 108, 109, 115, 116, 118, 120, 121, 122, 123, 126, 129, 137, 139, 140, 142, 143, 144, 145, 147, 148, 149, 151, 152, 154, 155, 158, 161, 164, 165, 166, 167, 169, 170, 172, 173, 174, 177, 178, 179, 182, 187, 188, 189, 191, 192, 195, 196, 202, 203, 205, 206, 207, 208, 211, 213, 214, 215, 216, 219, 220, 221, 222, 223, 224, 225, 227, 230, 238, 239, 240, 242, 243, 245, 246, 248, 250, 251, 252, 254, 255, 258, 259, 261, 263, 264, 265, 266, 268, 269, 271, 273, 274, 275, 276, 279, 282, 290, 291, 292, 294, 295, 296, 299, 301, 302, 303, 305, 306, 307, 309, 310, 311, 312, 314, 316, 317, 318, 319, 321, 323, 325, 326, 327, 328, 331, 334, 342, 343, 344, 346, 347, 349, 351, 357, 359, 360, 361, 363, 366, 374, 376, 378, 379, 380, 381, 383, 385, 387, 388, 389, 390, 393, 396, 403, 404, 405, 407, 408, 409, 411, 413, 414, 416, 417, 418, 419, 420, 422, 424, 426, 427, 428, 429, 432, 435, 444, 445, 446, 448, 449, 450, 451, 454, 466, 467, 469, 470, 471, 473, 475, 476, 477, 478, 480, 482, 483, 484, 486, 488, 489, 490, 491, 492, 493, 495, 497, 506, 507, 509, 510, 511, 513, 515, 516, 517, 518, 521, 524, 532, 533, 534, 536, 537, 538, 540, 542, 543, 544, 545, 547, 548, 550, 552, 554, 555, 556, 557, 560, 563, 570, 571, 572, 574, 575, 576, 579, 588, 589, 591, 592, 593, 594, 596, 597, 600, 601, 602, 604, 605, 606, 607, 608, 609, 612, 613, 615, 616, 619, 620, 623, 625, 626, 629, 636, 639, 642, 643, 644, 645, 646, 647, 649, 650, 651, 652, 654, 655, 656, 657, 658, 659, 660, 661, 662, 664, 665, 666, 667, 669, 670, 671, 672, 674, 675, 676, 677, 680, 683, 691, 692, 693, 696, 703, 705, 706, 707, 709, 711, 712, 713, 715, 716, 717, 719, 721, 722, 723, 724, 725, 726, 727, 729, 731, 732, 733, 735, 737, 738, 739, 740, 741, 742, 744, 745, 746, 747, 750, 753, 762, 763, 764, 766, 767, 768, 770, 771, 772, 773, 775, 776, 777, 780, 781, 783, 784, 785, 786, 787, 789, 790, 791, 792, 795, 798, 800, 804, 807, 808, 809, 810, 811, 812, 815, 816, 817, 818, 821, 822, 823, 826, 827, 828, 831, 832, 833, 836, 837, 840, 841, 842, 843, 846, 847, 848, 851, 852, 855, 856, 857, 860, 861, 862, 863, 865, 868, 869, 872, 873, 879, 880, 884, 885, 889, 890, 894, 895, 899, 900, 903, 904, 909, 910, 914, 915, 918, 919, 923, 924, 930, 931, 934, 935], "excluded_lines": []}}}, "app/config/compliance_rules.py": {"executed_lines": [1, 14, 15, 18, 27, 36, 62, 63, 64, 65, 66, 67, 68, 73, 136, 158, 187, 209, 230, 260], "summary": {"covered_lines": 18, "num_statements": 42, "percent_covered": 42.857142857142854, "percent_covered_display": "43", "missing_lines": 24, "excluded_lines": 0}, "missing_lines": [179, 180, 181, 184, 204, 205, 206, 227, 250, 251, 253, 254, 255, 257, 286, 287, 289, 292, 293, 294, 295, 296, 297, 299], "excluded_lines": [], "functions": {"get_renewal_interval": {"executed_lines": [], "summary": {"covered_lines": 0, "num_statements": 4, "percent_covered": 0.0, "percent_covered_display": "0", "missing_lines": 4, "excluded_lines": 0}, "missing_lines": [179, 180, 181, 184], "excluded_lines": []}, "get_cme_requirements": {"executed_lines": [], "summary": {"covered_lines": 0, "num_statements": 3, "percent_covered": 0.0, "percent_covered_display": "0", "missing_lines": 3, "excluded_lines": 0}, "missing_lines": [204, 205, 206], "excluded_lines": []}, "get_alert_threshold": {"executed_lines": [], "summary": {"covered_lines": 0, "num_statements": 1, "percent_covered": 0.0, "percent_covered_display": "0", "missing_lines": 1, "excluded_lines": 0}, "missing_lines": [227], "excluded_lines": []}, "calculate_compliance_status": {"executed_lines": [], "summary": {"covered_lines": 0, "num_statements": 6, "percent_covered": 0.0, "percent_covered_display": "0", "missing_lines": 6, "excluded_lines": 0}, "missing_lines": [250, 251, 253, 254, 255, 257], "excluded_lines": []}, "get_cme_gap_analysis": {"executed_lines": [], "summary": {"covered_lines": 0, "num_statements": 10, "percent_covered": 0.0, "percent_covered_display": "0", "missing_lines": 10, "excluded_lines": 0}, "missing_lines": [286, 287, 289, 292, 293, 294, 295, 296, 297, 299], "excluded_lines": []}, "": {"executed_lines": [1, 14, 15, 18, 27, 36, 62, 63, 64, 65, 66, 67, 68, 73, 136, 158, 187, 209, 230, 260], "summary": {"covered_lines": 18, "num_statements": 18, "percent_covered": 100.0, "percent_covered_display": "100", "missing_lines": 0, "excluded_lines": 0}, "missing_lines": [], "excluded_lines": []}}, "classes": {"CMERequirement": {"executed_lines": [], "summary": {"covered_lines": 0, "num_statements": 0, "percent_covered": 100.0, "percent_covered_display": "100", "missing_lines": 0, "excluded_lines": 0}, "missing_lines": [], "excluded_lines": []}, "": {"executed_lines": [1, 14, 15, 18, 27, 36, 62, 63, 64, 65, 66, 67, 68, 73, 136, 158, 187, 209, 230, 260], "summary": {"covered_lines": 18, "num_statements": 42, "percent_covered": 42.857142857142854, "percent_covered_display": "43", "missing_lines": 24, "excluded_lines": 0}, "missing_lines": [179, 180, 181, 184, 204, 205, 206, 227, 250, 251, 253, 254, 255, 257, 286, 287, 289, 292, 293, 294, 295, 296, 297, 299], "excluded_lines": []}}}, "app/config/document_type_labels.py": {"executed_lines": [1, 15, 18, 31, 44, 49, 57, 63, 80, 97, 116, 133, 143], "summary": {"covered_lines": 12, "num_statements": 18, "percent_covered": 66.66666666666667, "percent_covered_display": "67", "missing_lines": 6, "excluded_lines": 0}, "missing_lines": [77, 94, 113, 130, 140, 154], "excluded_lines": [], "functions": {"get_display_label": {"executed_lines": [], "summary": {"covered_lines": 0, "num_statements": 1, "percent_covered": 0.0, "percent_covered_display": "0", "missing_lines": 1, "excluded_lines": 0}, "missing_lines": [77], "excluded_lines": []}, "get_internal_type": {"executed_lines": [], "summary": {"covered_lines": 0, "num_statements": 1, "percent_covered": 0.0, "percent_covered_display": "0", "missing_lines": 1, "excluded_lines": 0}, "missing_lines": [94], "excluded_lines": []}, "is_compliance_tracked": {"executed_lines": [], "summary": {"covered_lines": 0, "num_statements": 1, "percent_covered": 0.0, "percent_covered_display": "0", "missing_lines": 1, "excluded_lines": 0}, "missing_lines": [113], "excluded_lines": []}, "is_excluded_type": {"executed_lines": [], "summary": {"covered_lines": 0, "num_statements": 1, "percent_covered": 0.0, "percent_covered_display": "0", "missing_lines": 1, "excluded_lines": 0}, "missing_lines": [130], "excluded_lines": []}, "get_all_display_labels": {"executed_lines": [], "summary": {"covered_lines": 0, "num_statements": 1, "percent_covered": 0.0, "percent_covered_display": "0", "missing_lines": 1, "excluded_lines": 0}, "missing_lines": [140], "excluded_lines": []}, "get_compliance_tracked_labels": {"executed_lines": [], "summary": {"covered_lines": 0, "num_statements": 1, "percent_covered": 0.0, "percent_covered_display": "0", "missing_lines": 1, "excluded_lines": 0}, "missing_lines": [154], "excluded_lines": []}, "": {"executed_lines": [1, 15, 18, 31, 44, 49, 57, 63, 80, 97, 116, 133, 143], "summary": {"covered_lines": 12, "num_statements": 12, "percent_covered": 100.0, "percent_covered_display": "100", "missing_lines": 0, "excluded_lines": 0}, "missing_lines": [], "excluded_lines": []}}, "classes": {"": {"executed_lines": [1, 15, 18, 31, 44, 49, 57, 63, 80, 97, 116, 133, 143], "summary": {"covered_lines": 12, "num_statements": 18, "percent_covered": 66.66666666666667, "percent_covered_display": "67", "missing_lines": 6, "excluded_lines": 0}, "missing_lines": [77, 94, 113, 130, 140, 154], "excluded_lines": []}}}, "app/config/ris_config.py": {"executed_lines": [1, 7, 8, 9, 12, 22, 56, 59, 154, 234, 240, 241, 242, 245], "summary": {"covered_lines": 13, "num_statements": 13, "percent_covered": 100.0, "percent_covered_display": "100", "missing_lines": 0, "excluded_lines": 0}, "missing_lines": [], "excluded_lines": [], "functions": {"": {"executed_lines": [1, 7, 8, 9, 12, 22, 56, 59, 154, 234, 240, 241, 242, 245], "summary": {"covered_lines": 13, "num_statements": 13, "percent_covered": 100.0, "percent_covered_display": "100", "missing_lines": 0, "excluded_lines": 0}, "missing_lines": [], "excluded_lines": []}}, "classes": {"": {"executed_lines": [1, 7, 8, 9, 12, 22, 56, 59, 154, 234, 240, 241, 242, 245], "summary": {"covered_lines": 13, "num_statements": 13, "percent_covered": 100.0, "percent_covered_display": "100", "missing_lines": 0, "excluded_lines": 0}, "missing_lines": [], "excluded_lines": []}}}, "app/config/validation_rules.py": {"executed_lines": [1, 14, 15, 16, 20, 58, 82, 94, 105, 108, 125, 138, 153, 214, 253, 270, 297, 322], "summary": {"covered_lines": 17, "num_statements": 71, "percent_covered": 23.943661971830984, "percent_covered_display": "24", "missing_lines": 54, "excluded_lines": 0}, "missing_lines": [122, 135, 148, 149, 150, 170, 171, 173, 176, 177, 178, 179, 180, 181, 182, 183, 186, 187, 188, 191, 192, 193, 196, 197, 198, 201, 202, 203, 204, 205, 206, 207, 208, 209, 211, 232, 233, 235, 236, 237, 239, 240, 243, 244, 245, 247, 249, 250, 267, 290, 291, 292, 293, 338], "excluded_lines": [], "functions": {"get_required_fields": {"executed_lines": [], "summary": {"covered_lines": 0, "num_statements": 1, "percent_covered": 0.0, "percent_covered_display": "0", "missing_lines": 1, "excluded_lines": 0}, "missing_lines": [122], "excluded_lines": []}, "get_recommended_fields": {"executed_lines": [], "summary": {"covered_lines": 0, "num_statements": 1, "percent_covered": 0.0, "percent_covered_display": "0", "missing_lines": 1, "excluded_lines": 0}, "missing_lines": [135], "excluded_lines": []}, "get_all_expected_fields": {"executed_lines": [], "summary": {"covered_lines": 0, "num_statements": 3, "percent_covered": 0.0, "percent_covered_display": "0", "missing_lines": 3, "excluded_lines": 0}, "missing_lines": [148, 149, 150], "excluded_lines": []}, "validate_field_format": {"executed_lines": [], "summary": {"covered_lines": 0, "num_statements": 30, "percent_covered": 0.0, "percent_covered_display": "0", "missing_lines": 30, "excluded_lines": 0}, "missing_lines": [170, 171, 173, 176, 177, 178, 179, 180, 181, 182, 183, 186, 187, 188, 191, 192, 193, 196, 197, 198, 201, 202, 203, 204, 205, 206, 207, 208, 209, 211], "excluded_lines": []}, "validate_date_logic": {"executed_lines": [], "summary": {"covered_lines": 0, "num_statements": 13, "percent_covered": 0.0, "percent_covered_display": "0", "missing_lines": 13, "excluded_lines": 0}, "missing_lines": [232, 233, 235, 236, 237, 239, 240, 243, 244, 245, 247, 249, 250], "excluded_lines": []}, "get_field_confidence_threshold": {"executed_lines": [], "summary": {"covered_lines": 0, "num_statements": 1, "percent_covered": 0.0, "percent_covered_display": "0", "missing_lines": 1, "excluded_lines": 0}, "missing_lines": [267], "excluded_lines": []}, "check_field_confidence": {"executed_lines": [], "summary": {"covered_lines": 0, "num_statements": 4, "percent_covered": 0.0, "percent_covered_display": "0", "missing_lines": 4, "excluded_lines": 0}, "missing_lines": [290, 291, 292, 293], "excluded_lines": []}, "normalize_field_name": {"executed_lines": [], "summary": {"covered_lines": 0, "num_statements": 1, "percent_covered": 0.0, "percent_covered_display": "0", "missing_lines": 1, "excluded_lines": 0}, "missing_lines": [338], "excluded_lines": []}, "": {"executed_lines": [1, 14, 15, 16, 20, 58, 82, 94, 105, 108, 125, 138, 153, 214, 253, 270, 297, 322], "summary": {"covered_lines": 17, "num_statements": 17, "percent_covered": 100.0, "percent_covered_display": "100", "missing_lines": 0, "excluded_lines": 0}, "missing_lines": [], "excluded_lines": []}}, "classes": {"": {"executed_lines": [1, 14, 15, 16, 20, 58, 82, 94, 105, 108, 125, 138, 153, 214, 253, 270, 297, 322], "summary": {"covered_lines": 17, "num_statements": 71, "percent_covered": 23.943661971830984, "percent_covered_display": "24", "missing_lines": 54, "excluded_lines": 0}, "missing_lines": [122, 135, 148, 149, 150, 170, 171, 173, 176, 177, 178, 179, 180, 181, 182, 183, 186, 187, 188, 191, 192, 193, 196, 197, 198, 201, 202, 203, 204, 205, 206, 207, 208, 209, 211, 232, 233, 235, 236, 237, 239, 240, 243, 244, 245, 247, 249, 250, 267, 290, 291, 292, 293, 338], "excluded_lines": []}}}, "app/core/__init__.py": {"executed_lines": [1], "summary": {"covered_lines": 0, "num_statements": 0, "percent_covered": 100.0, "percent_covered_display": "100", "missing_lines": 0, "excluded_lines": 0}, "missing_lines": [], "excluded_lines": [], "functions": {"": {"executed_lines": [1], "summary": {"covered_lines": 0, "num_statements": 0, "percent_covered": 100.0, "percent_covered_display": "100", "missing_lines": 0, "excluded_lines": 0}, "missing_lines": [], "excluded_lines": []}}, "classes": {"": {"executed_lines": [1], "summary": {"covered_lines": 0, "num_statements": 0, "percent_covered": 100.0, "percent_covered_display": "100", "missing_lines": 0, "excluded_lines": 0}, "missing_lines": [], "excluded_lines": []}}}, "app/core/config.py": {"executed_lines": [1, 20, 21, 22, 23, 24, 25, 28, 30, 31, 34, 35, 43, 44, 45, 46, 47, 48, 49, 52, 53, 56, 57, 58, 59, 62, 65, 66, 67, 68, 71, 76, 79, 80, 81, 84, 85, 86, 89, 90, 91, 92, 93, 94, 95, 98, 99, 100, 103, 104, 105, 106, 107, 108, 111, 112, 115, 116, 117, 118, 119, 120, 121, 124, 125, 126, 127, 129, 130, 131, 149, 152, 160, 169, 172, 173, 176, 181, 182, 183, 186, 187, 190, 193, 194, 195, 196, 197, 198, 201, 202, 203, 204, 205, 208, 209, 210, 213, 214, 215, 216, 219, 220, 222, 223, 224, 239, 246, 252, 254, 255, 256, 270, 272, 278, 285, 288, 290, 299, 302, 332, 333, 334, 344, 345, 350, 351, 352, 356, 360, 393], "summary": {"covered_lines": 129, "num_statements": 171, "percent_covered": 75.43859649122807, "percent_covered_display": "75", "missing_lines": 42, "excluded_lines": 0}, "missing_lines": [153, 161, 163, 240, 247, 273, 280, 283, 286, 303, 304, 306, 309, 310, 313, 316, 319, 320, 321, 323, 325, 326, 327, 330, 346, 347, 348, 367, 368, 370, 371, 373, 374, 376, 377, 379, 380, 382, 383, 385, 386, 394], "excluded_lines": [], "functions": {"Settings.validate_file_storage_type": {"executed_lines": [149, 152, 160, 169], "summary": {"covered_lines": 4, "num_statements": 7, "percent_covered": 57.142857142857146, "percent_covered_display": "57", "missing_lines": 3, "excluded_lines": 0}, "missing_lines": [153, 161, 163], "excluded_lines": []}, "Settings.validate_database_url": {"executed_lines": [239, 246, 252], "summary": {"covered_lines": 3, "num_statements": 5, "percent_covered": 60.0, "percent_covered_display": "60", "missing_lines": 2, "excluded_lines": 0}, "missing_lines": [240, 247], "excluded_lines": []}, "Settings.validate_secret_key": {"executed_lines": [270, 272, 278, 285, 288], "summary": {"covered_lines": 5, "num_statements": 9, "percent_covered": 55.55555555555556, "percent_covered_display": "56", "missing_lines": 4, "excluded_lines": 0}, "missing_lines": [273, 280, 283, 286], "excluded_lines": []}, "Settings.__init__": {"executed_lines": [299, 302], "summary": {"covered_lines": 2, "num_statements": 17, "percent_covered": 11.764705882352942, "percent_covered_display": "12", "missing_lines": 15, "excluded_lines": 0}, "missing_lines": [303, 304, 306, 309, 310, 313, 316, 319, 320, 321, 323, 325, 326, 327, 330], "excluded_lines": []}, "Settings.parse_cors_origins": {"executed_lines": [344, 345], "summary": {"covered_lines": 2, "num_statements": 5, "percent_covered": 40.0, "percent_covered_display": "40", "missing_lines": 3, "excluded_lines": 0}, "missing_lines": [346, 347, 348], "excluded_lines": []}, "validate_production_settings": {"executed_lines": [], "summary": {"covered_lines": 0, "num_statements": 14, "percent_covered": 0.0, "percent_covered_display": "0", "missing_lines": 14, "excluded_lines": 0}, "missing_lines": [367, 368, 370, 371, 373, 374, 376, 377, 379, 380, 382, 383, 385, 386], "excluded_lines": []}, "": {"executed_lines": [1, 20, 21, 22, 23, 24, 25, 28, 30, 31, 34, 35, 43, 44, 45, 46, 47, 48, 49, 52, 53, 56, 57, 58, 59, 62, 65, 66, 67, 68, 71, 76, 79, 80, 81, 84, 85, 86, 89, 90, 91, 92, 93, 94, 95, 98, 99, 100, 103, 104, 105, 106, 107, 108, 111, 112, 115, 116, 117, 118, 119, 120, 121, 124, 125, 126, 127, 129, 130, 131, 172, 173, 176, 181, 182, 183, 186, 187, 190, 193, 194, 195, 196, 197, 198, 201, 202, 203, 204, 205, 208, 209, 210, 213, 214, 215, 216, 219, 220, 222, 223, 224, 254, 255, 256, 290, 332, 333, 334, 350, 351, 352, 356, 360, 393], "summary": {"covered_lines": 113, "num_statements": 114, "percent_covered": 99.12280701754386, "percent_covered_display": "99", "missing_lines": 1, "excluded_lines": 0}, "missing_lines": [394], "excluded_lines": []}}, "classes": {"Settings": {"executed_lines": [149, 152, 160, 169, 239, 246, 252, 270, 272, 278, 285, 288, 299, 302, 344, 345], "summary": {"covered_lines": 16, "num_statements": 43, "percent_covered": 37.2093023255814, "percent_covered_display": "37", "missing_lines": 27, "excluded_lines": 0}, "missing_lines": [153, 161, 163, 240, 247, 273, 280, 283, 286, 303, 304, 306, 309, 310, 313, 316, 319, 320, 321, 323, 325, 326, 327, 330, 346, 347, 348], "excluded_lines": []}, "Settings.Config": {"executed_lines": [], "summary": {"covered_lines": 0, "num_statements": 0, "percent_covered": 100.0, "percent_covered_display": "100", "missing_lines": 0, "excluded_lines": 0}, "missing_lines": [], "excluded_lines": []}, "": {"executed_lines": [1, 20, 21, 22, 23, 24, 25, 28, 30, 31, 34, 35, 43, 44, 45, 46, 47, 48, 49, 52, 53, 56, 57, 58, 59, 62, 65, 66, 67, 68, 71, 76, 79, 80, 81, 84, 85, 86, 89, 90, 91, 92, 93, 94, 95, 98, 99, 100, 103, 104, 105, 106, 107, 108, 111, 112, 115, 116, 117, 118, 119, 120, 121, 124, 125, 126, 127, 129, 130, 131, 172, 173, 176, 181, 182, 183, 186, 187, 190, 193, 194, 195, 196, 197, 198, 201, 202, 203, 204, 205, 208, 209, 210, 213, 214, 215, 216, 219, 220, 222, 223, 224, 254, 255, 256, 290, 332, 333, 334, 350, 351, 352, 356, 360, 393], "summary": {"covered_lines": 113, "num_statements": 128, "percent_covered": 88.28125, "percent_covered_display": "88", "missing_lines": 15, "excluded_lines": 0}, "missing_lines": [367, 368, 370, 371, 373, 374, 376, 377, 379, 380, 382, 383, 385, 386, 394], "excluded_lines": []}}}, "app/core/database.py": {"executed_lines": [1, 11, 12, 13, 14, 15, 16, 19, 21, 22, 24, 26, 30, 39, 46, 49, 68, 80], "summary": {"covered_lines": 17, "num_statements": 33, "percent_covered": 51.515151515151516, "percent_covered_display": "52", "missing_lines": 16, "excluded_lines": 0}, "missing_lines": [61, 62, 63, 65, 75, 76, 77, 87, 88, 89, 90, 91, 92, 93, 94, 95], "excluded_lines": [], "functions": {"get_db": {"executed_lines": [], "summary": {"covered_lines": 0, "num_statements": 4, "percent_covered": 0.0, "percent_covered_display": "0", "missing_lines": 4, "excluded_lines": 0}, "missing_lines": [61, 62, 63, 65], "excluded_lines": []}, "init_db": {"executed_lines": [], "summary": {"covered_lines": 0, "num_statements": 3, "percent_covered": 0.0, "percent_covered_display": "0", "missing_lines": 3, "excluded_lines": 0}, "missing_lines": [75, 76, 77], "excluded_lines": []}, "check_db_connection": {"executed_lines": [], "summary": {"covered_lines": 0, "num_statements": 9, "percent_covered": 0.0, "percent_covered_display": "0", "missing_lines": 9, "excluded_lines": 0}, "missing_lines": [87, 88, 89, 90, 91, 92, 93, 94, 95], "excluded_lines": []}, "": {"executed_lines": [1, 11, 12, 13, 14, 15, 16, 19, 21, 22, 24, 26, 30, 39, 46, 49, 68, 80], "summary": {"covered_lines": 17, "num_statements": 17, "percent_covered": 100.0, "percent_covered_display": "100", "missing_lines": 0, "excluded_lines": 0}, "missing_lines": [], "excluded_lines": []}}, "classes": {"": {"executed_lines": [1, 11, 12, 13, 14, 15, 16, 19, 21, 22, 24, 26, 30, 39, 46, 49, 68, 80], "summary": {"covered_lines": 17, "num_statements": 33, "percent_covered": 51.515151515151516, "percent_covered_display": "52", "missing_lines": 16, "excluded_lines": 0}, "missing_lines": [61, 62, 63, 65, 75, 76, 77, 87, 88, 89, 90, 91, 92, 93, 94, 95], "excluded_lines": []}}}, "app/core/dependencies.py": {"executed_lines": [5, 15, 16, 17, 18, 19, 21, 24, 25, 30, 44, 94, 121, 199, 244, 255, 290], "summary": {"covered_lines": 16, "num_statements": 72, "percent_covered": 22.22222222222222, "percent_covered_display": "22", "missing_lines": 56, "excluded_lines": 0}, "missing_lines": [26, 27, 37, 38, 39, 41, 85, 86, 88, 90, 91, 111, 112, 114, 116, 117, 149, 151, 152, 157, 160, 161, 162, 164, 170, 172, 178, 179, 182, 183, 184, 185, 186, 192, 215, 216, 217, 219, 220, 225, 226, 227, 228, 233, 235, 251, 281, 282, 287, 307, 308, 312, 313, 318, 319, 324], "excluded_lines": [], "functions": {"get_db": {"executed_lines": [], "summary": {"covered_lines": 0, "num_statements": 4, "percent_covered": 0.0, "percent_covered_display": "0", "missing_lines": 4, "excluded_lines": 0}, "missing_lines": [37, 38, 39, 41], "excluded_lines": []}, "set_rls_context": {"executed_lines": [], "summary": {"covered_lines": 0, "num_statements": 5, "percent_covered": 0.0, "percent_covered_display": "0", "missing_lines": 5, "excluded_lines": 0}, "missing_lines": [85, 86, 88, 90, 91], "excluded_lines": []}, "set_rls_context_legacy": {"executed_lines": [], "summary": {"covered_lines": 0, "num_statements": 5, "percent_covered": 0.0, "percent_covered_display": "0", "missing_lines": 5, "excluded_lines": 0}, "missing_lines": [111, 112, 114, 116, 117], "excluded_lines": []}, "get_current_user": {"executed_lines": [], "summary": {"covered_lines": 0, "num_statements": 18, "percent_covered": 0.0, "percent_covered_display": "0", "missing_lines": 18, "excluded_lines": 0}, "missing_lines": [149, 151, 152, 157, 160, 161, 162, 164, 170, 172, 178, 179, 182, 183, 184, 185, 186, 192], "excluded_lines": []}, "get_current_user_development": {"executed_lines": [], "summary": {"covered_lines": 0, "num_statements": 11, "percent_covered": 0.0, "percent_covered_display": "0", "missing_lines": 11, "excluded_lines": 0}, "missing_lines": [215, 216, 217, 219, 220, 225, 226, 227, 228, 233, 235], "excluded_lines": []}, "get_current_user_stub": {"executed_lines": [], "summary": {"covered_lines": 0, "num_statements": 1, "percent_covered": 0.0, "percent_covered_display": "0", "missing_lines": 1, "excluded_lines": 0}, "missing_lines": [251], "excluded_lines": []}, "require_admin": {"executed_lines": [], "summary": {"covered_lines": 0, "num_statements": 3, "percent_covered": 0.0, "percent_covered_display": "0", "missing_lines": 3, "excluded_lines": 0}, "missing_lines": [281, 282, 287], "excluded_lines": []}, "get_pagination_params": {"executed_lines": [], "summary": {"covered_lines": 0, "num_statements": 7, "percent_covered": 0.0, "percent_covered_display": "0", "missing_lines": 7, "excluded_lines": 0}, "missing_lines": [307, 308, 312, 313, 318, 319, 324], "excluded_lines": []}, "": {"executed_lines": [5, 15, 16, 17, 18, 19, 21, 24, 25, 30, 44, 94, 121, 199, 244, 255, 290], "summary": {"covered_lines": 16, "num_statements": 18, "percent_covered": 88.88888888888889, "percent_covered_display": "89", "missing_lines": 2, "excluded_lines": 0}, "missing_lines": [26, 27], "excluded_lines": []}}, "classes": {"": {"executed_lines": [5, 15, 16, 17, 18, 19, 21, 24, 25, 30, 44, 94, 121, 199, 244, 255, 290], "summary": {"covered_lines": 16, "num_statements": 72, "percent_covered": 22.22222222222222, "percent_covered_display": "22", "missing_lines": 56, "excluded_lines": 0}, "missing_lines": [26, 27, 37, 38, 39, 41, 85, 86, 88, 90, 91, 111, 112, 114, 116, 117, 149, 151, 152, 157, 160, 161, 162, 164, 170, 172, 178, 179, 182, 183, 184, 185, 186, 192, 215, 216, 217, 219, 220, 225, 226, 227, 228, 233, 235, 251, 281, 282, 287, 307, 308, 312, 313, 318, 319, 324], "excluded_lines": []}}}, "app/core/exceptions.py": {"executed_lines": [5, 19, 20, 21, 22, 23, 24, 26, 29, 30, 32, 46, 47, 49, 58, 59, 61, 70, 71, 73, 82, 83, 85, 94, 127, 155, 183, 209, 210, 211], "summary": {"covered_lines": 23, "num_statements": 46, "percent_covered": 50.0, "percent_covered_display": "50", "missing_lines": 23, "excluded_lines": 0}, "missing_lines": [39, 40, 41, 42, 43, 50, 62, 74, 86, 102, 104, 114, 135, 137, 142, 163, 165, 170, 189, 191, 196, 212, 213], "excluded_lines": [], "functions": {"CredentialMateException.__init__": {"executed_lines": [], "summary": {"covered_lines": 0, "num_statements": 5, "percent_covered": 0.0, "percent_covered_display": "0", "missing_lines": 5, "excluded_lines": 0}, "missing_lines": [39, 40, 41, 42, 43], "excluded_lines": []}, "NotFoundException.__init__": {"executed_lines": [], "summary": {"covered_lines": 0, "num_statements": 1, "percent_covered": 0.0, "percent_covered_display": "0", "missing_lines": 1, "excluded_lines": 0}, "missing_lines": [50], "excluded_lines": []}, "ForbiddenException.__init__": {"executed_lines": [], "summary": {"covered_lines": 0, "num_statements": 1, "percent_covered": 0.0, "percent_covered_display": "0", "missing_lines": 1, "excluded_lines": 0}, "missing_lines": [62], "excluded_lines": []}, "ConflictException.__init__": {"executed_lines": [], "summary": {"covered_lines": 0, "num_statements": 1, "percent_covered": 0.0, "percent_covered_display": "0", "missing_lines": 1, "excluded_lines": 0}, "missing_lines": [74], "excluded_lines": []}, "ValidationException.__init__": {"executed_lines": [], "summary": {"covered_lines": 0, "num_statements": 1, "percent_covered": 0.0, "percent_covered_display": "0", "missing_lines": 1, "excluded_lines": 0}, "missing_lines": [86], "excluded_lines": []}, "credentialmate_exception_handler": {"executed_lines": [], "summary": {"covered_lines": 0, "num_statements": 3, "percent_covered": 0.0, "percent_covered_display": "0", "missing_lines": 3, "excluded_lines": 0}, "missing_lines": [102, 104, 114], "excluded_lines": []}, "validation_exception_handler": {"executed_lines": [], "summary": {"covered_lines": 0, "num_statements": 3, "percent_covered": 0.0, "percent_covered_display": "0", "missing_lines": 3, "excluded_lines": 0}, "missing_lines": [135, 137, 142], "excluded_lines": []}, "integrity_error_handler": {"executed_lines": [], "summary": {"covered_lines": 0, "num_statements": 3, "percent_covered": 0.0, "percent_covered_display": "0", "missing_lines": 3, "excluded_lines": 0}, "missing_lines": [163, 165, 170], "excluded_lines": []}, "generic_exception_handler": {"executed_lines": [], "summary": {"covered_lines": 0, "num_statements": 3, "percent_covered": 0.0, "percent_covered_display": "0", "missing_lines": 3, "excluded_lines": 0}, "missing_lines": [189, 191, 196], "excluded_lines": []}, "UnauthorizedException.__init__": {"executed_lines": [], "summary": {"covered_lines": 0, "num_statements": 2, "percent_covered": 0.0, "percent_covered_display": "0", "missing_lines": 2, "excluded_lines": 0}, "missing_lines": [212, 213], "excluded_lines": []}, "": {"executed_lines": [5, 19, 20, 21, 22, 23, 24, 26, 29, 30, 32, 46, 47, 49, 58, 59, 61, 70, 71, 73, 82, 83, 85, 94, 127, 155, 183, 209, 210, 211], "summary": {"covered_lines": 23, "num_statements": 23, "percent_covered": 100.0, "percent_covered_display": "100", "missing_lines": 0, "excluded_lines": 0}, "missing_lines": [], "excluded_lines": []}}, "classes": {"CredentialMateException": {"executed_lines": [], "summary": {"covered_lines": 0, "num_statements": 5, "percent_covered": 0.0, "percent_covered_display": "0", "missing_lines": 5, "excluded_lines": 0}, "missing_lines": [39, 40, 41, 42, 43], "excluded_lines": []}, "NotFoundException": {"executed_lines": [], "summary": {"covered_lines": 0, "num_statements": 1, "percent_covered": 0.0, "percent_covered_display": "0", "missing_lines": 1, "excluded_lines": 0}, "missing_lines": [50], "excluded_lines": []}, "ForbiddenException": {"executed_lines": [], "summary": {"covered_lines": 0, "num_statements": 1, "percent_covered": 0.0, "percent_covered_display": "0", "missing_lines": 1, "excluded_lines": 0}, "missing_lines": [62], "excluded_lines": []}, "ConflictException": {"executed_lines": [], "summary": {"covered_lines": 0, "num_statements": 1, "percent_covered": 0.0, "percent_covered_display": "0", "missing_lines": 1, "excluded_lines": 0}, "missing_lines": [74], "excluded_lines": []}, "ValidationException": {"executed_lines": [], "summary": {"covered_lines": 0, "num_statements": 1, "percent_covered": 0.0, "percent_covered_display": "0", "missing_lines": 1, "excluded_lines": 0}, "missing_lines": [86], "excluded_lines": []}, "UnauthorizedException": {"executed_lines": [], "summary": {"covered_lines": 0, "num_statements": 2, "percent_covered": 0.0, "percent_covered_display": "0", "missing_lines": 2, "excluded_lines": 0}, "missing_lines": [212, 213], "excluded_lines": []}, "": {"executed_lines": [5, 19, 20, 21, 22, 23, 24, 26, 29, 30, 32, 46, 47, 49, 58, 59, 61, 70, 71, 73, 82, 83, 85, 94, 127, 155, 183, 209, 210, 211], "summary": {"covered_lines": 23, "num_statements": 35, "percent_covered": 65.71428571428571, "percent_covered_display": "66", "missing_lines": 12, "excluded_lines": 0}, "missing_lines": [102, 104, 114, 135, 137, 142, 163, 165, 170, 189, 191, 196], "excluded_lines": []}}}, "app/core/health.py": {"executed_lines": [5, 12, 13, 16, 35, 56], "summary": {"covered_lines": 5, "num_statements": 8, "percent_covered": 62.5, "percent_covered_display": "62", "missing_lines": 3, "excluded_lines": 0}, "missing_lines": [26, 45, 66], "excluded_lines": [], "functions": {"check_health": {"executed_lines": [], "summary": {"covered_lines": 0, "num_statements": 1, "percent_covered": 0.0, "percent_covered_display": "0", "missing_lines": 1, "excluded_lines": 0}, "missing_lines": [26], "excluded_lines": []}, "check_readiness": {"executed_lines": [], "summary": {"covered_lines": 0, "num_statements": 1, "percent_covered": 0.0, "percent_covered_display": "0", "missing_lines": 1, "excluded_lines": 0}, "missing_lines": [45], "excluded_lines": []}, "check_liveness": {"executed_lines": [], "summary": {"covered_lines": 0, "num_statements": 1, "percent_covered": 0.0, "percent_covered_display": "0", "missing_lines": 1, "excluded_lines": 0}, "missing_lines": [66], "excluded_lines": []}, "": {"executed_lines": [5, 12, 13, 16, 35, 56], "summary": {"covered_lines": 5, "num_statements": 5, "percent_covered": 100.0, "percent_covered_display": "100", "missing_lines": 0, "excluded_lines": 0}, "missing_lines": [], "excluded_lines": []}}, "classes": {"": {"executed_lines": [5, 12, 13, 16, 35, 56], "summary": {"covered_lines": 5, "num_statements": 8, "percent_covered": 62.5, "percent_covered_display": "62", "missing_lines": 3, "excluded_lines": 0}, "missing_lines": [26, 45, 66], "excluded_lines": []}}}, "app/core/logging.py": {"executed_lines": [1, 30, 31, 32, 33, 36, 37, 56, 85, 143, 144, 161, 166, 209, 262, 284], "summary": {"covered_lines": 13, "num_statements": 79, "percent_covered": 16.455696202531644, "percent_covered_display": "16", "missing_lines": 66, "excluded_lines": 0}, "missing_lines": [73, 74, 76, 77, 80, 83, 101, 103, 104, 107, 108, 110, 111, 113, 114, 115, 116, 117, 118, 120, 121, 124, 127, 128, 130, 133, 136, 140, 163, 164, 176, 177, 180, 191, 192, 194, 195, 198, 199, 204, 206, 230, 231, 234, 237, 238, 240, 246, 247, 248, 251, 252, 253, 254, 257, 280, 286, 288, 291, 292, 293, 294, 295, 298, 299, 300], "excluded_lines": [], "functions": {"PHISanitizingFormatter.__init__": {"executed_lines": [], "summary": {"covered_lines": 0, "num_statements": 6, "percent_covered": 0.0, "percent_covered_display": "0", "missing_lines": 6, "excluded_lines": 0}, "missing_lines": [73, 74, 76, 77, 80, 83], "excluded_lines": []}, "PHISanitizingFormatter.format": {"executed_lines": [], "summary": {"covered_lines": 0, "num_statements": 22, "percent_covered": 0.0, "percent_covered_display": "0", "missing_lines": 22, "excluded_lines": 0}, "missing_lines": [101, 103, 104, 107, 108, 110, 111, 113, 114, 115, 116, 117, 118, 120, 121, 124, 127, 128, 130, 133, 136, 140], "excluded_lines": []}, "StructuredPHISanitizingFormatter.__init__": {"executed_lines": [], "summary": {"covered_lines": 0, "num_statements": 2, "percent_covered": 0.0, "percent_covered_display": "0", "missing_lines": 2, "excluded_lines": 0}, "missing_lines": [163, 164], "excluded_lines": []}, "StructuredPHISanitizingFormatter.format": {"executed_lines": [], "summary": {"covered_lines": 0, "num_statements": 11, "percent_covered": 0.0, "percent_covered_display": "0", "missing_lines": 11, "excluded_lines": 0}, "missing_lines": [176, 177, 180, 191, 192, 194, 195, 198, 199, 204, 206], "excluded_lines": []}, "setup_logging": {"executed_lines": [], "summary": {"covered_lines": 0, "num_statements": 14, "percent_covered": 0.0, "percent_covered_display": "0", "missing_lines": 14, "excluded_lines": 0}, "missing_lines": [230, 231, 234, 237, 238, 240, 246, 247, 248, 251, 252, 253, 254, 257], "excluded_lines": []}, "get_logger": {"executed_lines": [], "summary": {"covered_lines": 0, "num_statements": 1, "percent_covered": 0.0, "percent_covered_display": "0", "missing_lines": 1, "excluded_lines": 0}, "missing_lines": [280], "excluded_lines": []}, "": {"executed_lines": [1, 30, 31, 32, 33, 36, 37, 56, 85, 143, 144, 161, 166, 209, 262, 284], "summary": {"covered_lines": 13, "num_statements": 23, "percent_covered": 56.52173913043478, "percent_covered_display": "57", "missing_lines": 10, "excluded_lines": 0}, "missing_lines": [286, 288, 291, 292, 293, 294, 295, 298, 299, 300], "excluded_lines": []}}, "classes": {"PHISanitizingFormatter": {"executed_lines": [], "summary": {"covered_lines": 0, "num_statements": 28, "percent_covered": 0.0, "percent_covered_display": "0", "missing_lines": 28, "excluded_lines": 0}, "missing_lines": [73, 74, 76, 77, 80, 83, 101, 103, 104, 107, 108, 110, 111, 113, 114, 115, 116, 117, 118, 120, 121, 124, 127, 128, 130, 133, 136, 140], "excluded_lines": []}, "StructuredPHISanitizingFormatter": {"executed_lines": [], "summary": {"covered_lines": 0, "num_statements": 13, "percent_covered": 0.0, "percent_covered_display": "0", "missing_lines": 13, "excluded_lines": 0}, "missing_lines": [163, 164, 176, 177, 180, 191, 192, 194, 195, 198, 199, 204, 206], "excluded_lines": []}, "": {"executed_lines": [1, 30, 31, 32, 33, 36, 37, 56, 85, 143, 144, 161, 166, 209, 262, 284], "summary": {"covered_lines": 13, "num_statements": 38, "percent_covered": 34.21052631578947, "percent_covered_display": "34", "missing_lines": 25, "excluded_lines": 0}, "missing_lines": [230, 231, 234, 237, 238, 240, 246, 247, 248, 251, 252, 253, 254, 257, 280, 286, 288, 291, 292, 293, 294, 295, 298, 299, 300], "excluded_lines": []}}}, "app/core/queue.py": {"executed_lines": [], "summary": {"covered_lines": 0, "num_statements": 31, "percent_covered": 0.0, "percent_covered_display": "0", "missing_lines": 31, "excluded_lines": 0}, "missing_lines": [21, 22, 23, 25, 28, 41, 48, 49, 51, 71, 76, 84, 103, 108, 116, 131, 136, 145, 148, 156, 157, 158, 161, 174, 175, 178, 191, 192, 195, 206, 207], "excluded_lines": [], "functions": {"QueueClient.__init__": {"executed_lines": [], "summary": {"covered_lines": 0, "num_statements": 2, "percent_covered": 0.0, "percent_covered_display": "0", "missing_lines": 2, "excluded_lines": 0}, "missing_lines": [48, 49], "excluded_lines": []}, "QueueClient.enqueue_rule_recalculation": {"executed_lines": [], "summary": {"covered_lines": 0, "num_statements": 2, "percent_covered": 0.0, "percent_covered_display": "0", "missing_lines": 2, "excluded_lines": 0}, "missing_lines": [71, 76], "excluded_lines": []}, "QueueClient.enqueue_notification_send": {"executed_lines": [], "summary": {"covered_lines": 0, "num_statements": 2, "percent_covered": 0.0, "percent_covered_display": "0", "missing_lines": 2, "excluded_lines": 0}, "missing_lines": [103, 108], "excluded_lines": []}, "QueueClient.enqueue_bulk_message_job": {"executed_lines": [], "summary": {"covered_lines": 0, "num_statements": 2, "percent_covered": 0.0, "percent_covered_display": "0", "missing_lines": 2, "excluded_lines": 0}, "missing_lines": [131, 136], "excluded_lines": []}, "get_queue_client": {"executed_lines": [], "summary": {"covered_lines": 0, "num_statements": 3, "percent_covered": 0.0, "percent_covered_display": "0", "missing_lines": 3, "excluded_lines": 0}, "missing_lines": [156, 157, 158], "excluded_lines": []}, "enqueue_rule_recalculation": {"executed_lines": [], "summary": {"covered_lines": 0, "num_statements": 2, "percent_covered": 0.0, "percent_covered_display": "0", "missing_lines": 2, "excluded_lines": 0}, "missing_lines": [174, 175], "excluded_lines": []}, "enqueue_notification_send": {"executed_lines": [], "summary": {"covered_lines": 0, "num_statements": 2, "percent_covered": 0.0, "percent_covered_display": "0", "missing_lines": 2, "excluded_lines": 0}, "missing_lines": [191, 192], "excluded_lines": []}, "enqueue_bulk_message_job": {"executed_lines": [], "summary": {"covered_lines": 0, "num_statements": 2, "percent_covered": 0.0, "percent_covered_display": "0", "missing_lines": 2, "excluded_lines": 0}, "missing_lines": [206, 207], "excluded_lines": []}, "": {"executed_lines": [], "summary": {"covered_lines": 0, "num_statements": 14, "percent_covered": 0.0, "percent_covered_display": "0", "missing_lines": 14, "excluded_lines": 0}, "missing_lines": [21, 22, 23, 25, 28, 41, 51, 84, 116, 145, 148, 161, 178, 195], "excluded_lines": []}}, "classes": {"QueueClient": {"executed_lines": [], "summary": {"covered_lines": 0, "num_statements": 8, "percent_covered": 0.0, "percent_covered_display": "0", "missing_lines": 8, "excluded_lines": 0}, "missing_lines": [48, 49, 71, 76, 103, 108, 131, 136], "excluded_lines": []}, "": {"executed_lines": [], "summary": {"covered_lines": 0, "num_statements": 23, "percent_covered": 0.0, "percent_covered_display": "0", "missing_lines": 23, "excluded_lines": 0}, "missing_lines": [21, 22, 23, 25, 28, 41, 51, 84, 116, 145, 148, 156, 157, 158, 161, 174, 175, 178, 191, 192, 195, 206, 207], "excluded_lines": []}}}, "app/core/rate_limit.py": {"executed_lines": [1, 11, 17, 18, 20, 21, 25], "summary": {"covered_lines": 6, "num_statements": 6, "percent_covered": 100.0, "percent_covered_display": "100", "missing_lines": 0, "excluded_lines": 0}, "missing_lines": [], "excluded_lines": [], "functions": {"": {"executed_lines": [1, 11, 17, 18, 20, 21, 25], "summary": {"covered_lines": 6, "num_statements": 6, "percent_covered": 100.0, "percent_covered_display": "100", "missing_lines": 0, "excluded_lines": 0}, "missing_lines": [], "excluded_lines": []}}, "classes": {"": {"executed_lines": [1, 11, 17, 18, 20, 21, 25], "summary": {"covered_lines": 6, "num_statements": 6, "percent_covered": 100.0, "percent_covered_display": "100", "missing_lines": 0, "excluded_lines": 0}, "missing_lines": [], "excluded_lines": []}}}, "app/core/s3.py": {"executed_lines": [], "summary": {"covered_lines": 0, "num_statements": 60, "percent_covered": 0.0, "percent_covered_display": "0", "missing_lines": 60, "excluded_lines": 0}, "missing_lines": [17, 18, 19, 20, 21, 22, 23, 24, 26, 28, 31, 43, 53, 54, 55, 60, 61, 62, 71, 77, 80, 81, 84, 86, 102, 103, 104, 107, 110, 113, 115, 116, 118, 138, 140, 155, 157, 164, 165, 166, 168, 184, 185, 191, 192, 194, 195, 196, 198, 208, 210, 220, 221, 222, 223, 224, 225, 226, 229, 239], "excluded_lines": [], "functions": {"S3Client.__init__": {"executed_lines": [], "summary": {"covered_lines": 0, "num_statements": 11, "percent_covered": 0.0, "percent_covered_display": "0", "missing_lines": 11, "excluded_lines": 0}, "missing_lines": [53, 54, 55, 60, 61, 62, 71, 77, 80, 81, 84], "excluded_lines": []}, "S3Client.generate_object_key": {"executed_lines": [], "summary": {"covered_lines": 0, "num_statements": 8, "percent_covered": 0.0, "percent_covered_display": "0", "missing_lines": 8, "excluded_lines": 0}, "missing_lines": [102, 103, 104, 107, 110, 113, 115, 116], "excluded_lines": []}, "S3Client.generate_upload_presigned_url": {"executed_lines": [], "summary": {"covered_lines": 0, "num_statements": 7, "percent_covered": 0.0, "percent_covered_display": "0", "missing_lines": 7, "excluded_lines": 0}, "missing_lines": [138, 140, 155, 157, 164, 165, 166], "excluded_lines": []}, "S3Client.generate_download_presigned_url": {"executed_lines": [], "summary": {"covered_lines": 0, "num_statements": 7, "percent_covered": 0.0, "percent_covered_display": "0", "missing_lines": 7, "excluded_lines": 0}, "missing_lines": [184, 185, 191, 192, 194, 195, 196], "excluded_lines": []}, "S3Client.get_object_uri": {"executed_lines": [], "summary": {"covered_lines": 0, "num_statements": 1, "percent_covered": 0.0, "percent_covered_display": "0", "missing_lines": 1, "excluded_lines": 0}, "missing_lines": [208], "excluded_lines": []}, "S3Client.verify_bucket_exists": {"executed_lines": [], "summary": {"covered_lines": 0, "num_statements": 7, "percent_covered": 0.0, "percent_covered_display": "0", "missing_lines": 7, "excluded_lines": 0}, "missing_lines": [220, 221, 222, 223, 224, 225, 226], "excluded_lines": []}, "get_s3_client": {"executed_lines": [], "summary": {"covered_lines": 0, "num_statements": 1, "percent_covered": 0.0, "percent_covered_display": "0", "missing_lines": 1, "excluded_lines": 0}, "missing_lines": [239], "excluded_lines": []}, "": {"executed_lines": [], "summary": {"covered_lines": 0, "num_statements": 18, "percent_covered": 0.0, "percent_covered_display": "0", "missing_lines": 18, "excluded_lines": 0}, "missing_lines": [17, 18, 19, 20, 21, 22, 23, 24, 26, 28, 31, 43, 86, 118, 168, 198, 210, 229], "excluded_lines": []}}, "classes": {"S3Client": {"executed_lines": [], "summary": {"covered_lines": 0, "num_statements": 41, "percent_covered": 0.0, "percent_covered_display": "0", "missing_lines": 41, "excluded_lines": 0}, "missing_lines": [53, 54, 55, 60, 61, 62, 71, 77, 80, 81, 84, 102, 103, 104, 107, 110, 113, 115, 116, 138, 140, 155, 157, 164, 165, 166, 184, 185, 191, 192, 194, 195, 196, 208, 220, 221, 222, 223, 224, 225, 226], "excluded_lines": []}, "": {"executed_lines": [], "summary": {"covered_lines": 0, "num_statements": 19, "percent_covered": 0.0, "percent_covered_display": "0", "missing_lines": 19, "excluded_lines": 0}, "missing_lines": [17, 18, 19, 20, 21, 22, 23, 24, 26, 28, 31, 43, 86, 118, 168, 198, 210, 229, 239], "excluded_lines": []}}}, "app/core/security.py": {"executed_lines": [1, 11, 12, 13, 14, 15, 16, 17, 18, 19, 21, 22, 24, 28, 31, 34, 47, 76, 116, 145, 173, 254], "summary": {"covered_lines": 21, "num_statements": 73, "percent_covered": 28.767123287671232, "percent_covered_display": "29", "missing_lines": 52, "excluded_lines": 0}, "missing_lines": [44, 58, 60, 61, 64, 65, 71, 72, 73, 89, 92, 93, 95, 99, 109, 113, 126, 127, 129, 138, 142, 158, 159, 162, 164, 165, 166, 205, 208, 209, 211, 212, 218, 220, 221, 222, 229, 230, 231, 238, 239, 240, 242, 243, 244, 245, 251, 268, 269, 271, 272, 278], "excluded_lines": [], "functions": {"hash_password": {"executed_lines": [], "summary": {"covered_lines": 0, "num_statements": 1, "percent_covered": 0.0, "percent_covered_display": "0", "missing_lines": 1, "excluded_lines": 0}, "missing_lines": [44], "excluded_lines": []}, "verify_password": {"executed_lines": [], "summary": {"covered_lines": 0, "num_statements": 8, "percent_covered": 0.0, "percent_covered_display": "0", "missing_lines": 8, "excluded_lines": 0}, "missing_lines": [58, 60, 61, 64, 65, 71, 72, 73], "excluded_lines": []}, "create_access_token": {"executed_lines": [], "summary": {"covered_lines": 0, "num_statements": 7, "percent_covered": 0.0, "percent_covered_display": "0", "missing_lines": 7, "excluded_lines": 0}, "missing_lines": [89, 92, 93, 95, 99, 109, 113], "excluded_lines": []}, "create_refresh_token": {"executed_lines": [], "summary": {"covered_lines": 0, "num_statements": 5, "percent_covered": 0.0, "percent_covered_display": "0", "missing_lines": 5, "excluded_lines": 0}, "missing_lines": [126, 127, 129, 138, 142], "excluded_lines": []}, "decode_token": {"executed_lines": [], "summary": {"covered_lines": 0, "num_statements": 6, "percent_covered": 0.0, "percent_covered_display": "0", "missing_lines": 6, "excluded_lines": 0}, "missing_lines": [158, 159, 162, 164, 165, 166], "excluded_lines": []}, "get_current_user_id": {"executed_lines": [], "summary": {"covered_lines": 0, "num_statements": 20, "percent_covered": 0.0, "percent_covered_display": "0", "missing_lines": 20, "excluded_lines": 0}, "missing_lines": [205, 208, 209, 211, 212, 218, 220, 221, 222, 229, 230, 231, 238, 239, 240, 242, 243, 244, 245, 251], "excluded_lines": []}, "verify_token_type": {"executed_lines": [], "summary": {"covered_lines": 0, "num_statements": 5, "percent_covered": 0.0, "percent_covered_display": "0", "missing_lines": 5, "excluded_lines": 0}, "missing_lines": [268, 269, 271, 272, 278], "excluded_lines": []}, "": {"executed_lines": [1, 11, 12, 13, 14, 15, 16, 17, 18, 19, 21, 22, 24, 28, 31, 34, 47, 76, 116, 145, 173, 254], "summary": {"covered_lines": 21, "num_statements": 21, "percent_covered": 100.0, "percent_covered_display": "100", "missing_lines": 0, "excluded_lines": 0}, "missing_lines": [], "excluded_lines": []}}, "classes": {"": {"executed_lines": [1, 11, 12, 13, 14, 15, 16, 17, 18, 19, 21, 22, 24, 28, 31, 34, 47, 76, 116, 145, 173, 254], "summary": {"covered_lines": 21, "num_statements": 73, "percent_covered": 28.767123287671232, "percent_covered_display": "29", "missing_lines": 52, "excluded_lines": 0}, "missing_lines": [44, 58, 60, 61, 64, 65, 71, 72, 73, 89, 92, 93, 95, 99, 109, 113, 126, 127, 129, 138, 142, 158, 159, 162, 164, 165, 166, 205, 208, 209, 211, 212, 218, 220, 221, 222, 229, 230, 231, 238, 239, 240, 242, 243, 244, 245, 251, 268, 269, 271, 272, 278], "excluded_lines": []}}}, "app/main.py": {"executed_lines": [1, 12, 13, 14, 15, 16, 17, 18, 19, 20, 21, 22, 27, 28, 29, 30, 31, 34, 60, 61, 81, 85, 102, 111, 112, 146, 165, 188, 191, 195, 196, 199, 200, 203, 209, 214, 216, 217, 218, 219, 220, 221, 222, 223, 224, 225, 226, 227, 228, 229, 230, 235, 236, 237, 238, 239, 240, 241, 242, 243, 244, 245, 246, 249, 250, 259, 260, 265, 266, 304, 305, 314], "summary": {"covered_lines": 71, "num_statements": 109, "percent_covered": 65.13761467889908, "percent_covered_display": "65", "missing_lines": 38, "excluded_lines": 0}, "missing_lines": [103, 104, 105, 106, 107, 108, 122, 123, 124, 125, 126, 127, 128, 132, 135, 136, 137, 138, 139, 140, 141, 252, 262, 273, 274, 275, 277, 278, 279, 281, 282, 284, 285, 286, 295, 311, 315, 317], "excluded_lines": [], "functions": {"lifespan": {"executed_lines": [], "summary": {"covered_lines": 0, "num_statements": 15, "percent_covered": 0.0, "percent_covered_display": "0", "missing_lines": 15, "excluded_lines": 0}, "missing_lines": [122, 123, 124, 125, 126, 127, 128, 132, 135, 136, 137, 138, 139, 140, 141], "excluded_lines": []}, "root": {"executed_lines": [], "summary": {"covered_lines": 0, "num_statements": 1, "percent_covered": 0.0, "percent_covered_display": "0", "missing_lines": 1, "excluded_lines": 0}, "missing_lines": [252], "excluded_lines": []}, "health_check": {"executed_lines": [], "summary": {"covered_lines": 0, "num_statements": 1, "percent_covered": 0.0, "percent_covered_display": "0", "missing_lines": 1, "excluded_lines": 0}, "missing_lines": [262], "excluded_lines": []}, "healthz": {"executed_lines": [], "summary": {"covered_lines": 0, "num_statements": 12, "percent_covered": 0.0, "percent_covered_display": "0", "missing_lines": 12, "excluded_lines": 0}, "missing_lines": [273, 274, 275, 277, 278, 279, 281, 282, 284, 285, 286, 295], "excluded_lines": []}, "metrics": {"executed_lines": [], "summary": {"covered_lines": 0, "num_statements": 1, "percent_covered": 0.0, "percent_covered_display": "0", "missing_lines": 1, "excluded_lines": 0}, "missing_lines": [311], "excluded_lines": []}, "": {"executed_lines": [1, 12, 13, 14, 15, 16, 17, 18, 19, 20, 21, 22, 27, 28, 29, 30, 31, 34, 60, 61, 81, 85, 102, 111, 112, 146, 165, 188, 191, 195, 196, 199, 200, 203, 209, 214, 216, 217, 218, 219, 220, 221, 222, 223, 224, 225, 226, 227, 228, 229, 230, 235, 236, 237, 238, 239, 240, 241, 242, 243, 244, 245, 246, 249, 250, 259, 260, 265, 266, 304, 305, 314], "summary": {"covered_lines": 71, "num_statements": 79, "percent_covered": 89.87341772151899, "percent_covered_display": "90", "missing_lines": 8, "excluded_lines": 0}, "missing_lines": [103, 104, 105, 106, 107, 108, 315, 317], "excluded_lines": []}}, "classes": {"": {"executed_lines": [1, 12, 13, 14, 15, 16, 17, 18, 19, 20, 21, 22, 27, 28, 29, 30, 31, 34, 60, 61, 81, 85, 102, 111, 112, 146, 165, 188, 191, 195, 196, 199, 200, 203, 209, 214, 216, 217, 218, 219, 220, 221, 222, 223, 224, 225, 226, 227, 228, 229, 230, 235, 236, 237, 238, 239, 240, 241, 242, 243, 244, 245, 246, 249, 250, 259, 260, 265, 266, 304, 305, 314], "summary": {"covered_lines": 71, "num_statements": 109, "percent_covered": 65.13761467889908, "percent_covered_display": "65", "missing_lines": 38, "excluded_lines": 0}, "missing_lines": [103, 104, 105, 106, 107, 108, 122, 123, 124, 125, 126, 127, 128, 132, 135, 136, 137, 138, 139, 140, 141, 252, 262, 273, 274, 275, 277, 278, 279, 281, 282, 284, 285, 286, 295, 311, 315, 317], "excluded_lines": []}}}, "app/middleware/__init__.py": {"executed_lines": [1], "summary": {"covered_lines": 0, "num_statements": 0, "percent_covered": 100.0, "percent_covered_display": "100", "missing_lines": 0, "excluded_lines": 0}, "missing_lines": [], "excluded_lines": [], "functions": {"": {"executed_lines": [1], "summary": {"covered_lines": 0, "num_statements": 0, "percent_covered": 100.0, "percent_covered_display": "100", "missing_lines": 0, "excluded_lines": 0}, "missing_lines": [], "excluded_lines": []}}, "classes": {"": {"executed_lines": [1], "summary": {"covered_lines": 0, "num_statements": 0, "percent_covered": 100.0, "percent_covered_display": "100", "missing_lines": 0, "excluded_lines": 0}, "missing_lines": [], "excluded_lines": []}}}, "app/middleware/audit_logging.py": {"executed_lines": [5, 18, 19, 20, 21, 22, 23, 24, 27, 30, 31, 42, 52, 99, 100], "summary": {"covered_lines": 13, "num_statements": 24, "percent_covered": 54.166666666666664, "percent_covered_display": "54", "missing_lines": 11, "excluded_lines": 0}, "missing_lines": [64, 65, 66, 67, 70, 82, 85, 97, 110, 111, 112], "excluded_lines": [], "functions": {"AuditLoggingMiddleware.dispatch": {"executed_lines": [], "summary": {"covered_lines": 0, "num_statements": 8, "percent_covered": 0.0, "percent_covered_display": "0", "missing_lines": 8, "excluded_lines": 0}, "missing_lines": [64, 65, 66, 67, 70, 82, 85, 97], "excluded_lines": []}, "AuditLoggingMiddleware.mask_sensitive_data": {"executed_lines": [], "summary": {"covered_lines": 0, "num_statements": 3, "percent_covered": 0.0, "percent_covered_display": "0", "missing_lines": 3, "excluded_lines": 0}, "missing_lines": [110, 111, 112], "excluded_lines": []}, "": {"executed_lines": [5, 18, 19, 20, 21, 22, 23, 24, 27, 30, 31, 42, 52, 99, 100], "summary": {"covered_lines": 13, "num_statements": 13, "percent_covered": 100.0, "percent_covered_display": "100", "missing_lines": 0, "excluded_lines": 0}, "missing_lines": [], "excluded_lines": []}}, "classes": {"AuditLoggingMiddleware": {"executed_lines": [], "summary": {"covered_lines": 0, "num_statements": 11, "percent_covered": 0.0, "percent_covered_display": "0", "missing_lines": 11, "excluded_lines": 0}, "missing_lines": [64, 65, 66, 67, 70, 82, 85, 97, 110, 111, 112], "excluded_lines": []}, "": {"executed_lines": [5, 18, 19, 20, 21, 22, 23, 24, 27, 30, 31, 42, 52, 99, 100], "summary": {"covered_lines": 13, "num_statements": 13, "percent_covered": 100.0, "percent_covered_display": "100", "missing_lines": 0, "excluded_lines": 0}, "missing_lines": [], "excluded_lines": []}}}, "app/middleware/audit_middleware.py": {"executed_lines": [1, 15, 16, 17, 18, 19, 20, 22, 25, 26, 39, 52, 62, 95, 110, 125, 152, 203, 268, 294, 319, 347], "summary": {"covered_lines": 20, "num_statements": 104, "percent_covered": 19.23076923076923, "percent_covered_display": "19", "missing_lines": 84, "excluded_lines": 0}, "missing_lines": [47, 48, 74, 75, 78, 81, 87, 88, 91, 93, 105, 106, 107, 108, 120, 121, 122, 123, 139, 140, 142, 143, 144, 145, 146, 147, 148, 149, 150, 166, 167, 169, 171, 174, 175, 176, 177, 179, 180, 183, 184, 185, 187, 188, 191, 192, 193, 194, 196, 198, 200, 201, 215, 217, 220, 225, 226, 227, 230, 233, 237, 241, 244, 262, 264, 266, 284, 292, 310, 311, 312, 313, 314, 315, 317, 332, 333, 335, 338, 339, 340, 343, 358, 359], "excluded_lines": [], "functions": {"AuditLoggingMiddleware.__init__": {"executed_lines": [], "summary": {"covered_lines": 0, "num_statements": 2, "percent_covered": 0.0, "percent_covered_display": "0", "missing_lines": 2, "excluded_lines": 0}, "missing_lines": [47, 48], "excluded_lines": []}, "AuditLoggingMiddleware.dispatch": {"executed_lines": [], "summary": {"covered_lines": 0, "num_statements": 8, "percent_covered": 0.0, "percent_covered_display": "0", "missing_lines": 8, "excluded_lines": 0}, "missing_lines": [74, 75, 78, 81, 87, 88, 91, 93], "excluded_lines": []}, "AuditLoggingMiddleware._is_phi_endpoint": {"executed_lines": [], "summary": {"covered_lines": 0, "num_statements": 4, "percent_covered": 0.0, "percent_covered_display": "0", "missing_lines": 4, "excluded_lines": 0}, "missing_lines": [105, 106, 107, 108], "excluded_lines": []}, "AuditLoggingMiddleware._get_resource_type": {"executed_lines": [], "summary": {"covered_lines": 0, "num_statements": 4, "percent_covered": 0.0, "percent_covered_display": "0", "missing_lines": 4, "excluded_lines": 0}, "missing_lines": [120, 121, 122, 123], "excluded_lines": []}, "AuditLoggingMiddleware._extract_resource_id": {"executed_lines": [], "summary": {"covered_lines": 0, "num_statements": 11, "percent_covered": 0.0, "percent_covered_display": "0", "missing_lines": 11, "excluded_lines": 0}, "missing_lines": [139, 140, 142, 143, 144, 145, 146, 147, 148, 149, 150], "excluded_lines": []}, "AuditLoggingMiddleware._get_user_from_token": {"executed_lines": [], "summary": {"covered_lines": 0, "num_statements": 23, "percent_covered": 0.0, "percent_covered_display": "0", "missing_lines": 23, "excluded_lines": 0}, "missing_lines": [166, 167, 169, 171, 174, 175, 176, 177, 179, 180, 183, 184, 185, 187, 188, 191, 192, 193, 194, 196, 198, 200, 201], "excluded_lines": []}, "AuditLoggingMiddleware._log_phi_access": {"executed_lines": [], "summary": {"covered_lines": 0, "num_statements": 14, "percent_covered": 0.0, "percent_covered_display": "0", "missing_lines": 14, "excluded_lines": 0}, "missing_lines": [215, 217, 220, 225, 226, 227, 230, 233, 237, 241, 244, 262, 264, 266], "excluded_lines": []}, "AuditLoggingMiddleware._determine_phi_fields": {"executed_lines": [], "summary": {"covered_lines": 0, "num_statements": 2, "percent_covered": 0.0, "percent_covered_display": "0", "missing_lines": 2, "excluded_lines": 0}, "missing_lines": [284, 292], "excluded_lines": []}, "AuditLoggingMiddleware._determine_status": {"executed_lines": [], "summary": {"covered_lines": 0, "num_statements": 7, "percent_covered": 0.0, "percent_covered_display": "0", "missing_lines": 7, "excluded_lines": 0}, "missing_lines": [310, 311, 312, 313, 314, 315, 317], "excluded_lines": []}, "AuditLoggingMiddleware._get_client_ip": {"executed_lines": [], "summary": {"covered_lines": 0, "num_statements": 7, "percent_covered": 0.0, "percent_covered_display": "0", "missing_lines": 7, "excluded_lines": 0}, "missing_lines": [332, 333, 335, 338, 339, 340, 343], "excluded_lines": []}, "setup_audit_middleware": {"executed_lines": [], "summary": {"covered_lines": 0, "num_statements": 2, "percent_covered": 0.0, "percent_covered_display": "0", "missing_lines": 2, "excluded_lines": 0}, "missing_lines": [358, 359], "excluded_lines": []}, "": {"executed_lines": [1, 15, 16, 17, 18, 19, 20, 22, 25, 26, 39, 52, 62, 95, 110, 125, 152, 203, 268, 294, 319, 347], "summary": {"covered_lines": 20, "num_statements": 20, "percent_covered": 100.0, "percent_covered_display": "100", "missing_lines": 0, "excluded_lines": 0}, "missing_lines": [], "excluded_lines": []}}, "classes": {"AuditLoggingMiddleware": {"executed_lines": [], "summary": {"covered_lines": 0, "num_statements": 82, "percent_covered": 0.0, "percent_covered_display": "0", "missing_lines": 82, "excluded_lines": 0}, "missing_lines": [47, 48, 74, 75, 78, 81, 87, 88, 91, 93, 105, 106, 107, 108, 120, 121, 122, 123, 139, 140, 142, 143, 144, 145, 146, 147, 148, 149, 150, 166, 167, 169, 171, 174, 175, 176, 177, 179, 180, 183, 184, 185, 187, 188, 191, 192, 193, 194, 196, 198, 200, 201, 215, 217, 220, 225, 226, 227, 230, 233, 237, 241, 244, 262, 264, 266, 284, 292, 310, 311, 312, 313, 314, 315, 317, 332, 333, 335, 338, 339, 340, 343], "excluded_lines": []}, "": {"executed_lines": [1, 15, 16, 17, 18, 19, 20, 22, 25, 26, 39, 52, 62, 95, 110, 125, 152, 203, 268, 294, 319, 347], "summary": {"covered_lines": 20, "num_statements": 22, "percent_covered": 90.9090909090909, "percent_covered_display": "91", "missing_lines": 2, "excluded_lines": 0}, "missing_lines": [358, 359], "excluded_lines": []}}}, "app/middleware/error_sanitization.py": {"executed_lines": [5, 17, 18, 19, 20, 21, 22, 23, 25, 28, 29, 37], "summary": {"covered_lines": 10, "num_statements": 19, "percent_covered": 52.63157894736842, "percent_covered_display": "53", "missing_lines": 9, "excluded_lines": 0}, "missing_lines": [38, 39, 40, 41, 43, 44, 46, 49, 60], "excluded_lines": [], "functions": {"ErrorSanitizationMiddleware.dispatch": {"executed_lines": [], "summary": {"covered_lines": 0, "num_statements": 9, "percent_covered": 0.0, "percent_covered_display": "0", "missing_lines": 9, "excluded_lines": 0}, "missing_lines": [38, 39, 40, 41, 43, 44, 46, 49, 60], "excluded_lines": []}, "": {"executed_lines": [5, 17, 18, 19, 20, 21, 22, 23, 25, 28, 29, 37], "summary": {"covered_lines": 10, "num_statements": 10, "percent_covered": 100.0, "percent_covered_display": "100", "missing_lines": 0, "excluded_lines": 0}, "missing_lines": [], "excluded_lines": []}}, "classes": {"ErrorSanitizationMiddleware": {"executed_lines": [], "summary": {"covered_lines": 0, "num_statements": 9, "percent_covered": 0.0, "percent_covered_display": "0", "missing_lines": 9, "excluded_lines": 0}, "missing_lines": [38, 39, 40, 41, 43, 44, 46, 49, 60], "excluded_lines": []}, "": {"executed_lines": [5, 17, 18, 19, 20, 21, 22, 23, 25, 28, 29, 37], "summary": {"covered_lines": 10, "num_statements": 10, "percent_covered": 100.0, "percent_covered_display": "100", "missing_lines": 0, "excluded_lines": 0}, "missing_lines": [], "excluded_lines": []}}}, "app/middleware/event_correlation.py": {"executed_lines": [], "summary": {"covered_lines": 0, "num_statements": 25, "percent_covered": 0.0, "percent_covered_display": "0", "missing_lines": 25, "excluded_lines": 0}, "missing_lines": [13, 14, 15, 16, 17, 19, 22, 56, 63, 65, 77, 79, 81, 82, 87, 93, 96, 107, 108, 111, 119, 121, 129, 132, 134], "excluded_lines": [], "functions": {"EventCorrelationMiddleware.__init__": {"executed_lines": [], "summary": {"covered_lines": 0, "num_statements": 1, "percent_covered": 0.0, "percent_covered_display": "0", "missing_lines": 1, "excluded_lines": 0}, "missing_lines": [63], "excluded_lines": []}, "EventCorrelationMiddleware.dispatch": {"executed_lines": [], "summary": {"covered_lines": 0, "num_statements": 15, "percent_covered": 0.0, "percent_covered_display": "0", "missing_lines": 15, "excluded_lines": 0}, "missing_lines": [77, 79, 81, 82, 87, 93, 96, 107, 108, 111, 119, 121, 129, 132, 134], "excluded_lines": []}, "": {"executed_lines": [], "summary": {"covered_lines": 0, "num_statements": 9, "percent_covered": 0.0, "percent_covered_display": "0", "missing_lines": 9, "excluded_lines": 0}, "missing_lines": [13, 14, 15, 16, 17, 19, 22, 56, 65], "excluded_lines": []}}, "classes": {"EventCorrelationMiddleware": {"executed_lines": [], "summary": {"covered_lines": 0, "num_statements": 16, "percent_covered": 0.0, "percent_covered_display": "0", "missing_lines": 16, "excluded_lines": 0}, "missing_lines": [63, 77, 79, 81, 82, 87, 93, 96, 107, 108, 111, 119, 121, 129, 132, 134], "excluded_lines": []}, "": {"executed_lines": [], "summary": {"covered_lines": 0, "num_statements": 9, "percent_covered": 0.0, "percent_covered_display": "0", "missing_lines": 9, "excluded_lines": 0}, "missing_lines": [13, 14, 15, 16, 17, 19, 22, 56, 65], "excluded_lines": []}}}, "app/middleware/metrics.py": {"executed_lines": [1, 23, 24, 25, 26, 27, 28, 37, 40, 43, 50, 58, 66, 73, 81, 90, 97, 104, 113, 117, 123, 130, 139, 145, 154, 162, 169, 177, 184, 191, 199, 206, 214, 221, 228, 236, 242, 249, 256, 257, 266, 330, 358, 373, 398, 428, 440, 459, 476, 490, 503, 518, 544, 558, 584, 596, 606, 616, 628], "summary": {"covered_lines": 57, "num_statements": 116, "percent_covered": 49.13793103448276, "percent_covered_display": "49", "missing_lines": 59, "excluded_lines": 0}, "missing_lines": [278, 279, 282, 283, 286, 289, 292, 294, 296, 299, 300, 302, 306, 310, 312, 314, 316, 320, 324, 328, 342, 345, 353, 355, 365, 367, 385, 387, 389, 393, 415, 417, 419, 421, 423, 436, 437, 449, 451, 453, 468, 470, 471, 485, 498, 511, 512, 535, 536, 552, 553, 575, 576, 592, 593, 603, 613, 625, 635], "excluded_lines": [], "functions": {"PrometheusMetricsMiddleware.dispatch": {"executed_lines": [], "summary": {"covered_lines": 0, "num_statements": 20, "percent_covered": 0.0, "percent_covered_display": "0", "missing_lines": 20, "excluded_lines": 0}, "missing_lines": [278, 279, 282, 283, 286, 289, 292, 294, 296, 299, 300, 302, 306, 310, 312, 314, 316, 320, 324, 328], "excluded_lines": []}, "PrometheusMetricsMiddleware._sanitize_endpoint": {"executed_lines": [], "summary": {"covered_lines": 0, "num_statements": 4, "percent_covered": 0.0, "percent_covered_display": "0", "missing_lines": 4, "excluded_lines": 0}, "missing_lines": [342, 345, 353, 355], "excluded_lines": []}, "get_metrics_response": {"executed_lines": [], "summary": {"covered_lines": 0, "num_statements": 2, "percent_covered": 0.0, "percent_covered_display": "0", "missing_lines": 2, "excluded_lines": 0}, "missing_lines": [365, 367], "excluded_lines": []}, "record_document_parse": {"executed_lines": [], "summary": {"covered_lines": 0, "num_statements": 4, "percent_covered": 0.0, "percent_covered_display": "0", "missing_lines": 4, "excluded_lines": 0}, "missing_lines": [385, 387, 389, 393], "excluded_lines": []}, "record_bedrock_call": {"executed_lines": [], "summary": {"covered_lines": 0, "num_statements": 5, "percent_covered": 0.0, "percent_covered_display": "0", "missing_lines": 5, "excluded_lines": 0}, "missing_lines": [415, 417, 419, 421, 423], "excluded_lines": []}, "update_queue_metrics": {"executed_lines": [], "summary": {"covered_lines": 0, "num_statements": 2, "percent_covered": 0.0, "percent_covered_display": "0", "missing_lines": 2, "excluded_lines": 0}, "missing_lines": [436, 437], "excluded_lines": []}, "record_job_processed": {"executed_lines": [], "summary": {"covered_lines": 0, "num_statements": 3, "percent_covered": 0.0, "percent_covered_display": "0", "missing_lines": 3, "excluded_lines": 0}, "missing_lines": [449, 451, 453], "excluded_lines": []}, "record_governance_check": {"executed_lines": [], "summary": {"covered_lines": 0, "num_statements": 3, "percent_covered": 0.0, "percent_covered_display": "0", "missing_lines": 3, "excluded_lines": 0}, "missing_lines": [468, 470, 471], "excluded_lines": []}, "record_audit_event": {"executed_lines": [], "summary": {"covered_lines": 0, "num_statements": 1, "percent_covered": 0.0, "percent_covered_display": "0", "missing_lines": 1, "excluded_lines": 0}, "missing_lines": [485], "excluded_lines": []}, "record_phi_access": {"executed_lines": [], "summary": {"covered_lines": 0, "num_statements": 1, "percent_covered": 0.0, "percent_covered_display": "0", "missing_lines": 1, "excluded_lines": 0}, "missing_lines": [498], "excluded_lines": []}, "set_compliance_check": {"executed_lines": [], "summary": {"covered_lines": 0, "num_statements": 2, "percent_covered": 0.0, "percent_covered_display": "0", "missing_lines": 2, "excluded_lines": 0}, "missing_lines": [511, 512], "excluded_lines": []}, "set_service_dependency_status": {"executed_lines": [], "summary": {"covered_lines": 0, "num_statements": 2, "percent_covered": 0.0, "percent_covered_display": "0", "missing_lines": 2, "excluded_lines": 0}, "missing_lines": [535, 536], "excluded_lines": []}, "record_service_dependency_call": {"executed_lines": [], "summary": {"covered_lines": 0, "num_statements": 2, "percent_covered": 0.0, "percent_covered_display": "0", "missing_lines": 2, "excluded_lines": 0}, "missing_lines": [552, 553], "excluded_lines": []}, "set_auth_mechanism_status": {"executed_lines": [], "summary": {"covered_lines": 0, "num_statements": 2, "percent_covered": 0.0, "percent_covered_display": "0", "missing_lines": 2, "excluded_lines": 0}, "missing_lines": [575, 576], "excluded_lines": []}, "record_auth_event": {"executed_lines": [], "summary": {"covered_lines": 0, "num_statements": 2, "percent_covered": 0.0, "percent_covered_display": "0", "missing_lines": 2, "excluded_lines": 0}, "missing_lines": [592, 593], "excluded_lines": []}, "record_token_blacklist_lookup": {"executed_lines": [], "summary": {"covered_lines": 0, "num_statements": 1, "percent_covered": 0.0, "percent_covered_display": "0", "missing_lines": 1, "excluded_lines": 0}, "missing_lines": [603], "excluded_lines": []}, "set_api_contract_coverage": {"executed_lines": [], "summary": {"covered_lines": 0, "num_statements": 1, "percent_covered": 0.0, "percent_covered_display": "0", "missing_lines": 1, "excluded_lines": 0}, "missing_lines": [613], "excluded_lines": []}, "set_api_endpoints_count": {"executed_lines": [], "summary": {"covered_lines": 0, "num_statements": 1, "percent_covered": 0.0, "percent_covered_display": "0", "missing_lines": 1, "excluded_lines": 0}, "missing_lines": [625], "excluded_lines": []}, "set_api_registry_drift": {"executed_lines": [], "summary": {"covered_lines": 0, "num_statements": 1, "percent_covered": 0.0, "percent_covered_display": "0", "missing_lines": 1, "excluded_lines": 0}, "missing_lines": [635], "excluded_lines": []}, "": {"executed_lines": [1, 23, 24, 25, 26, 27, 28, 37, 40, 43, 50, 58, 66, 73, 81, 90, 97, 104, 113, 117, 123, 130, 139, 145, 154, 162, 169, 177, 184, 191, 199, 206, 214, 221, 228, 236, 242, 249, 256, 257, 266, 330, 358, 373, 398, 428, 440, 459, 476, 490, 503, 518, 544, 558, 584, 596, 606, 616, 628], "summary": {"covered_lines": 57, "num_statements": 57, "percent_covered": 100.0, "percent_covered_display": "100", "missing_lines": 0, "excluded_lines": 0}, "missing_lines": [], "excluded_lines": []}}, "classes": {"PrometheusMetricsMiddleware": {"executed_lines": [], "summary": {"covered_lines": 0, "num_statements": 24, "percent_covered": 0.0, "percent_covered_display": "0", "missing_lines": 24, "excluded_lines": 0}, "missing_lines": [278, 279, 282, 283, 286, 289, 292, 294, 296, 299, 300, 302, 306, 310, 312, 314, 316, 320, 324, 328, 342, 345, 353, 355], "excluded_lines": []}, "": {"executed_lines": [1, 23, 24, 25, 26, 27, 28, 37, 40, 43, 50, 58, 66, 73, 81, 90, 97, 104, 113, 117, 123, 130, 139, 145, 154, 162, 169, 177, 184, 191, 199, 206, 214, 221, 228, 236, 242, 249, 256, 257, 266, 330, 358, 373, 398, 428, 440, 459, 476, 490, 503, 518, 544, 558, 584, 596, 606, 616, 628], "summary": {"covered_lines": 57, "num_statements": 92, "percent_covered": 61.95652173913044, "percent_covered_display": "62", "missing_lines": 35, "excluded_lines": 0}, "missing_lines": [365, 367, 385, 387, 389, 393, 415, 417, 419, 421, 423, 436, 437, 449, 451, 453, 468, 470, 471, 485, 498, 511, 512, 535, 536, 552, 553, 575, 576, 592, 593, 603, 613, 625, 635], "excluded_lines": []}}}, "app/middleware/metrics_collector.py": {"executed_lines": [], "summary": {"covered_lines": 0, "num_statements": 158, "percent_covered": 0.0, "percent_covered_display": "0", "missing_lines": 158, "excluded_lines": 0}, "missing_lines": [30, 31, 32, 33, 34, 35, 36, 38, 39, 41, 44, 45, 46, 47, 50, 72, 75, 76, 88, 91, 92, 95, 96, 98, 100, 101, 103, 104, 106, 107, 108, 111, 112, 113, 115, 121, 122, 134, 136, 138, 139, 141, 142, 144, 147, 150, 158, 159, 160, 161, 163, 170, 172, 173, 174, 176, 178, 179, 180, 181, 183, 184, 185, 187, 188, 193, 200, 202, 204, 205, 206, 208, 213, 215, 216, 217, 219, 224, 226, 228, 233, 234, 240, 247, 250, 252, 253, 255, 256, 257, 258, 259, 261, 262, 264, 265, 268, 270, 292, 293, 295, 296, 298, 299, 300, 302, 305, 308, 311, 318, 319, 321, 323, 324, 328, 330, 332, 333, 343, 344, 345, 346, 347, 348, 349, 350, 352, 354, 355, 368, 371, 385, 387, 390, 391, 394, 395, 397, 402, 404, 416, 418, 419, 421, 422, 427, 429, 435, 436, 442, 445, 455, 457, 458, 460, 462, 463, 465], "excluded_lines": [], "functions": {"PrometheusParser.parse_line": {"executed_lines": [], "summary": {"covered_lines": 0, "num_statements": 17, "percent_covered": 0.0, "percent_covered_display": "0", "missing_lines": 17, "excluded_lines": 0}, "missing_lines": [88, 91, 92, 95, 96, 98, 100, 101, 103, 104, 106, 107, 108, 111, 112, 113, 115], "excluded_lines": []}, "PrometheusParser._parse_labels": {"executed_lines": [], "summary": {"covered_lines": 0, "num_statements": 7, "percent_covered": 0.0, "percent_covered_display": "0", "missing_lines": 7, "excluded_lines": 0}, "missing_lines": [134, 136, 138, 139, 141, 142, 144], "excluded_lines": []}, "CloudWatchMetricsCollector.__init__": {"executed_lines": [], "summary": {"covered_lines": 0, "num_statements": 5, "percent_covered": 0.0, "percent_covered_display": "0", "missing_lines": 5, "excluded_lines": 0}, "missing_lines": [158, 159, 160, 161, 163], "excluded_lines": []}, "CloudWatchMetricsCollector.start_collection": {"executed_lines": [], "summary": {"covered_lines": 0, "num_statements": 13, "percent_covered": 0.0, "percent_covered_display": "0", "missing_lines": 13, "ex
[...]
: 2, "percent_covered": 100.0, "percent_covered_display": "100", "missing_lines": 0, "excluded_lines": 0}, "missing_lines": [], "excluded_lines": [], "functions": {"": {"executed_lines": [5, 11, 17], "summary": {"covered_lines": 2, "num_statements": 2, "percent_covered": 100.0, "percent_covered_display": "100", "missing_lines": 0, "excluded_lines": 0}, "missing_lines": [], "excluded_lines": []}}, "classes": {"": {"executed_lines": [5, 11, 17], "summary": {"covered_lines": 2, "num_statements": 2, "percent_covered": 100.0, "percent_covered_display": "100", "missing_lines": 0, "excluded_lines": 0}, "missing_lines": [], "excluded_lines": []}}}, "app/utils/document_mapping.py": {"executed_lines": [], "summary": {"covered_lines": 0, "num_statements": 93, "percent_covered": 0.0, "percent_covered_display": "0", "missing_lines": 93, "excluded_lines": 0}, "missing_lines": [10, 11, 12, 14, 15, 16, 18, 21, 24, 25, 26, 27, 28, 29, 30, 33, 44, 45, 52, 53, 54, 55, 56, 57, 58, 59, 60, 65, 68, 69, 70, 71, 72, 73, 74, 79, 82, 83, 86, 87, 88, 89, 90, 95, 98, 99, 102, 113, 116, 117, 119, 120, 121, 122, 123, 124, 125, 126, 127, 130, 133, 136, 141, 142, 145, 148, 149, 150, 152, 163, 174, 175, 176, 179, 180, 181, 182, 185, 186, 187, 188, 189, 190, 193, 208, 226, 227, 230, 231, 234, 250, 252, 254], "excluded_lines": [], "functions": {"identify_document_type": {"executed_lines": [], "summary": {"covered_lines": 0, "num_statements": 30, "percent_covered": 0.0, "percent_covered_display": "0", "missing_lines": 30, "excluded_lines": 0}, "missing_lines": [44, 45, 52, 53, 54, 55, 56, 57, 58, 59, 60, 65, 68, 69, 70, 71, 72, 73, 74, 79, 82, 83, 86, 87, 88, 89, 90, 95, 98, 99], "excluded_lines": []}, "map_to_license_create": {"executed_lines": [], "summary": {"covered_lines": 0, "num_statements": 22, "percent_covered": 0.0, "percent_covered_display": "0", "missing_lines": 22, "excluded_lines": 0}, "missing_lines": [113, 116, 117, 119, 120, 121, 122, 123, 124, 125, 126, 127, 130, 133, 136, 141, 142, 145, 148, 149, 150, 152], "excluded_lines": []}, "map_to_cme_create": {"executed_lines": [], "summary": {"covered_lines": 0, "num_statements": 14, "percent_covered": 0.0, "percent_covered_display": "0", "missing_lines": 14, "excluded_lines": 0}, "missing_lines": [174, 175, 176, 179, 180, 181, 182, 185, 186, 187, 188, 189, 190, 193], "excluded_lines": []}, "store_in_user_metadata": {"executed_lines": [], "summary": {"covered_lines": 0, "num_statements": 8, "percent_covered": 0.0, "percent_covered_display": "0", "missing_lines": 8, "excluded_lines": 0}, "missing_lines": [226, 227, 230, 231, 234, 250, 252, 254], "excluded_lines": []}, "": {"executed_lines": [], "summary": {"covered_lines": 0, "num_statements": 19, "percent_covered": 0.0, "percent_covered_display": "0", "missing_lines": 19, "excluded_lines": 0}, "missing_lines": [10, 11, 12, 14, 15, 16, 18, 21, 24, 25, 26, 27, 28, 29, 30, 33, 102, 163, 208], "excluded_lines": []}}, "classes": {"DocumentType": {"executed_lines": [], "summary": {"covered_lines": 0, "num_statements": 0, "percent_covered": 100.0, "percent_covered_display": "100", "missing_lines": 0, "excluded_lines": 0}, "missing_lines": [], "excluded_lines": []}, "": {"executed_lines": [], "summary": {"covered_lines": 0, "num_statements": 93, "percent_covered": 0.0, "percent_covered_display": "0", "missing_lines": 93, "excluded_lines": 0}, "missing_lines": [10, 11, 12, 14, 15, 16, 18, 21, 24, 25, 26, 27, 28, 29, 30, 33, 44, 45, 52, 53, 54, 55, 56, 57, 58, 59, 60, 65, 68, 69, 70, 71, 72, 73, 74, 79, 82, 83, 86, 87, 88, 89, 90, 95, 98, 99, 102, 113, 116, 117, 119, 120, 121, 122, 123, 124, 125, 126, 127, 130, 133, 136, 141, 142, 145, 148, 149, 150, 152, 163, 174, 175, 176, 179, 180, 181, 182, 185, 186, 187, 188, 189, 190, 193, 208, 226, 227, 230, 231, 234, 250, 252, 254], "excluded_lines": []}}}, "app/utils/document_type_detector.py": {"executed_lines": [], "summary": {"covered_lines": 0, "num_statements": 48, "percent_covered": 0.0, "percent_covered_display": "0", "missing_lines": 48, "excluded_lines": 0}, "missing_lines": [11, 12, 13, 15, 18, 21, 22, 23, 24, 25, 26, 27, 28, 29, 32, 40, 90, 105, 108, 109, 110, 112, 113, 116, 119, 120, 122, 129, 130, 133, 135, 155, 156, 157, 158, 161, 162, 163, 166, 167, 168, 171, 173, 177, 180, 193, 196, 214], "excluded_lines": [], "functions": {"DocumentTypeDetector.detect": {"executed_lines": [], "summary": {"covered_lines": 0, "num_statements": 9, "percent_covered": 0.0, "percent_covered_display": "0", "missing_lines": 9, "excluded_lines": 0}, "missing_lines": [105, 108, 109, 110, 112, 113, 116, 119, 120], "excluded_lines": []}, "DocumentTypeDetector._calculate_confidence": {"executed_lines": [], "summary": {"covered_lines": 0, "num_statements": 3, "percent_covered": 0.0, "percent_covered_display": "0", "missing_lines": 3, "excluded_lines": 0}, "missing_lines": [129, 130, 133], "excluded_lines": []}, "DocumentTypeDetector.detect_if_photo": {"executed_lines": [], "summary": {"covered_lines": 0, "num_statements": 12, "percent_covered": 0.0, "percent_covered_display": "0", "missing_lines": 12, "excluded_lines": 0}, "missing_lines": [155, 156, 157, 158, 161, 162, 163, 166, 167, 168, 171, 173], "excluded_lines": []}, "detect_document_type": {"executed_lines": [], "summary": {"covered_lines": 0, "num_statements": 1, "percent_covered": 0.0, "percent_covered_display": "0", "missing_lines": 1, "excluded_lines": 0}, "missing_lines": [193], "excluded_lines": []}, "is_photo": {"executed_lines": [], "summary": {"covered_lines": 0, "num_statements": 1, "percent_covered": 0.0, "percent_covered_display": "0", "missing_lines": 1, "excluded_lines": 0}, "missing_lines": [214], "excluded_lines": []}, "": {"executed_lines": [], "summary": {"covered_lines": 0, "num_statements": 22, "percent_covered": 0.0, "percent_covered_display": "0", "missing_lines": 22, "excluded_lines": 0}, "missing_lines": [11, 12, 13, 15, 18, 21, 22, 23, 24, 25, 26, 27, 28, 29, 32, 40, 90, 122, 135, 177, 180, 196], "excluded_lines": []}}, "classes": {"DocumentType": {"executed_lines": [], "summary": {"covered_lines": 0, "num_statements": 0, "percent_covered": 100.0, "percent_covered_display": "100", "missing_lines": 0, "excluded_lines": 0}, "missing_lines": [], "excluded_lines": []}, "DocumentTypeDetector": {"executed_lines": [], "summary": {"covered_lines": 0, "num_statements": 24, "percent_covered": 0.0, "percent_covered_display": "0", "missing_lines": 24, "excluded_lines": 0}, "missing_lines": [105, 108, 109, 110, 112, 113, 116, 119, 120, 129, 130, 133, 155, 156, 157, 158, 161, 162, 163, 166, 167, 168, 171, 173], "excluded_lines": []}, "": {"executed_lines": [], "summary": {"covered_lines": 0, "num_statements": 24, "percent_covered": 0.0, "percent_covered_display": "0", "missing_lines": 24, "excluded_lines": 0}, "missing_lines": [11, 12, 13, 15, 18, 21, 22, 23, 24, 25, 26, 27, 28, 29, 32, 40, 90, 122, 135, 177, 180, 193, 196, 214], "excluded_lines": []}}}, "app/utils/field_mapper.py": {"executed_lines": [1, 15, 16, 17, 19, 26, 29, 30, 40, 42, 44, 83, 116, 148, 194, 225, 307, 363, 367, 372], "summary": {"covered_lines": 18, "num_statements": 91, "percent_covered": 19.78021978021978, "percent_covered_display": "20", "missing_lines": 73, "excluded_lines": 0}, "missing_lines": [63, 66, 67, 68, 71, 72, 73, 74, 77, 78, 79, 81, 92, 95, 96, 98, 99, 102, 103, 106, 107, 108, 109, 110, 114, 125, 128, 129, 130, 133, 134, 135, 138, 139, 140, 143, 144, 146, 170, 172, 173, 176, 183, 189, 190, 192, 206, 207, 215, 216, 217, 219, 220, 221, 223, 247, 290, 292, 293, 295, 297, 298, 300, 301, 303, 305, 335, 338, 341, 344, 359, 369, 379], "excluded_lines": [], "functions": {"FieldMapper.__init__": {"executed_lines": [42], "summary": {"covered_lines": 1, "num_statements": 1, "percent_covered": 100.0, "percent_covered_display": "100", "missing_lines": 0, "excluded_lines": 0}, "missing_lines": [], "excluded_lines": []}, "FieldMapper.normalize_extracted_data": {"executed_lines": [], "summary": {"covered_lines": 0, "num_statements": 12, "percent_covered": 0.0, "percent_covered_display": "0", "missing_lines": 12, "excluded_lines": 0}, "missing_lines": [63, 66, 67, 68, 71, 72, 73, 74, 77, 78, 79, 81], "excluded_lines": []}, "FieldMapper._normalize_cme_fields": {"executed_lines": [], "summary": {"covered_lines": 0, "num_statements": 13, "percent_covered": 0.0, "percent_covered_display": "0", "missing_lines": 13, "excluded_lines": 0}, "missing_lines": [92, 95, 96, 98, 99, 102, 103, 106, 107, 108, 109, 110, 114], "excluded_lines": []}, "FieldMapper._normalize_license_fields": {"executed_lines": [], "summary": {"covered_lines": 0, "num_statements": 13, "percent_covered": 0.0, "percent_covered_display": "0", "missing_lines": 13, "excluded_lines": 0}, "missing_lines": [125, 128, 129, 130, 133, 134, 135, 138, 139, 140, 143, 144, 146], "excluded_lines": []}, "FieldMapper.add_missing_field_markers": {"executed_lines": [], "summary": {"covered_lines": 0, "num_statements": 8, "percent_covered": 0.0, "percent_covered_display": "0", "missing_lines": 8, "excluded_lines": 0}, "missing_lines": [170, 172, 173, 176, 183, 189, 190, 192], "excluded_lines": []}, "FieldMapper.convert_date_strings": {"executed_lines": [], "summary": {"covered_lines": 0, "num_statements": 9, "percent_covered": 0.0, "percent_covered_display": "0", "missing_lines": 9, "excluded_lines": 0}, "missing_lines": [206, 207, 215, 216, 217, 219, 220, 221, 223], "excluded_lines": []}, "FieldMapper.extract_metadata": {"executed_lines": [], "summary": {"covered_lines": 0, "num_statements": 11, "percent_covered": 0.0, "percent_covered_display": "0", "missing_lines": 11, "excluded_lines": 0}, "missing_lines": [247, 290, 292, 293, 295, 297, 298, 300, 301, 303, 305], "excluded_lines": []}, "FieldMapper.build_standardized_response": {"executed_lines": [], "summary": {"covered_lines": 0, "num_statements": 5, "percent_covered": 0.0, "percent_covered_display": "0", "missing_lines": 5, "excluded_lines": 0}, "missing_lines": [335, 338, 341, 344, 359], "excluded_lines": []}, "normalize_extracted_data": {"executed_lines": [], "summary": {"covered_lines": 0, "num_statements": 1, "percent_covered": 0.0, "percent_covered_display": "0", "missing_lines": 1, "excluded_lines": 0}, "missing_lines": [369], "excluded_lines": []}, "build_standardized_response": {"executed_lines": [], "summary": {"covered_lines": 0, "num_statements": 1, "percent_covered": 0.0, "percent_covered_display": "0", "missing_lines": 1, "excluded_lines": 0}, "missing_lines": [379], "excluded_lines": []}, "": {"executed_lines": [1, 15, 16, 17, 19, 26, 29, 30, 40, 44, 83, 116, 148, 194, 225, 307, 363, 367, 372], "summary": {"covered_lines": 17, "num_statements": 17, "percent_covered": 100.0, "percent_covered_display": "100", "missing_lines": 0, "excluded_lines": 0}, "missing_lines": [], "excluded_lines": []}}, "classes": {"FieldMapper": {"executed_lines": [42], "summary": {"covered_lines": 1, "num_statements": 72, "percent_covered": 1.3888888888888888, "percent_covered_display": "1", "missing_lines": 71, "excluded_lines": 0}, "missing_lines": [63, 66, 67, 68, 71, 72, 73, 74, 77, 78, 79, 81, 92, 95, 96, 98, 99, 102, 103, 106, 107, 108, 109, 110, 114, 125, 128, 129, 130, 133, 134, 135, 138, 139, 140, 143, 144, 146, 170, 172, 173, 176, 183, 189, 190, 192, 206, 207, 215, 216, 217, 219, 220, 221, 223, 247, 290, 292, 293, 295, 297, 298, 300, 301, 303, 305, 335, 338, 341, 344, 359], "excluded_lines": []}, "": {"executed_lines": [1, 15, 16, 17, 19, 26, 29, 30, 40, 44, 83, 116, 148, 194, 225, 307, 363, 367, 372], "summary": {"covered_lines": 17, "num_statements": 19, "percent_covered": 89.47368421052632, "percent_covered_display": "89", "missing_lines": 2, "excluded_lines": 0}, "missing_lines": [369, 379], "excluded_lines": []}}}, "app/utils/image_preprocessing.py": {"executed_lines": [1, 14, 15, 16, 17, 18, 20, 23, 24, 27, 28, 29, 30, 32, 34, 36, 55, 57, 58, 59, 69, 70, 71, 76, 77, 78, 81, 85, 86, 89, 90, 93, 102, 103, 104, 107, 108, 110, 111, 112, 114, 118, 125, 135, 137, 138, 139, 142, 143, 144, 147, 148, 149, 152, 153, 154, 156, 158, 164, 171, 172, 173, 176, 187, 188, 189, 190, 192, 193, 194, 196, 198, 261, 279, 280, 281, 290, 295, 302, 303, 310, 312, 345, 383, 386, 399, 404], "summary": {"covered_lines": 85, "num_statements": 165, "percent_covered": 51.515151515151516, "percent_covered_display": "52", "missing_lines": 80, "excluded_lines": 0}, "missing_lines": [72, 73, 82, 95, 96, 99, 105, 120, 121, 123, 160, 161, 162, 177, 178, 179, 180, 181, 182, 213, 216, 217, 218, 219, 221, 222, 223, 224, 226, 229, 230, 232, 233, 234, 235, 237, 238, 239, 241, 242, 245, 248, 250, 253, 254, 255, 258, 259, 291, 292, 296, 299, 304, 307, 326, 327, 330, 332, 333, 334, 335, 337, 338, 339, 343, 355, 356, 359, 362, 364, 365, 366, 369, 372, 373, 375, 377, 378, 379, 414], "excluded_lines": [], "functions": {"ImagePreprocessor.__init__": {"executed_lines": [34], "summary": {"covered_lines": 1, "num_statements": 1, "percent_covered": 100.0, "percent_covered_display": "100", "missing_lines": 0, "excluded_lines": 0}, "missing_lines": [], "excluded_lines": []}, "ImagePreprocessor.preprocess_image": {"executed_lines": [55, 57, 58, 59, 69, 70, 71, 76, 77, 78, 81, 85, 86, 89, 90, 93, 102, 103, 104, 107, 108, 110, 111, 112, 114, 118], "summary": {"covered_lines": 26, "num_statements": 36, "percent_covered": 72.22222222222223, "percent_covered_display": "72", "missing_lines": 10, "excluded_lines": 0}, "missing_lines": [72, 73, 82, 95, 96, 99, 105, 120, 121, 123], "excluded_lines": []}, "ImagePreprocessor._enhance_image": {"executed_lines": [135, 137, 138, 139, 142, 143, 144, 147, 148, 149, 152, 153, 154, 156, 158], "summary": {"covered_lines": 15, "num_statements": 18, "percent_covered": 83.33333333333333, "percent_covered_display": "83", "missing_lines": 3, "excluded_lines": 0}, "missing_lines": [160, 161, 162], "excluded_lines": []}, "ImagePreprocessor._resize_if_needed": {"executed_lines": [171, 172, 173, 176, 187, 188, 189, 190, 192, 193, 194, 196], "summary": {"covered_lines": 12, "num_statements": 18, "percent_covered": 66.66666666666667, "percent_covered_display": "67", "missing_lines": 6, "excluded_lines": 0}, "missing_lines": [177, 178, 179, 180, 181, 182], "excluded_lines": []}, "ImagePreprocessor._compress_image": {"executed_lines": [], "summary": {"covered_lines": 0, "num_statements": 29, "percent_covered": 0.0, "percent_covered_display": "0", "missing_lines": 29, "excluded_lines": 0}, "missing_lines": [213, 216, 217, 218, 219, 221, 222, 223, 224, 226, 229, 230, 232, 233, 234, 235, 237, 238, 239, 241, 242, 245, 248, 250, 253, 254, 255, 258, 259], "excluded_lines": []}, "ImagePreprocessor._is_photo": {"executed_lines": [279, 280, 281, 290, 295, 302, 303, 310], "summary": {"covered_lines": 8, "num_statements": 14, "percent_covered": 57.142857142857146, "percent_covered_display": "57", "missing_lines": 6, "excluded_lines": 0}, "missing_lines": [291, 292, 296, 299, 304, 307], "excluded_lines": []}, "ImagePreprocessor._resize_photo": {"executed_lines": [], "summary": {"covered_lines": 0, "num_statements": 11, "percent_covered": 0.0, "percent_covered_display": "0", "missing_lines": 11, "excluded_lines": 0}, "missing_lines": [326, 327, 330, 332, 333, 334, 335, 337, 338, 339, 343], "excluded_lines": []}, "ImagePreprocessor.preprocess_for_ocr_engines": {"executed_lines": [], "summary": {"covered_lines": 0, "num_statements": 14, "percent_covered": 0.0, "percent_covered_display": "0", "missing_lines": 14, "excluded_lines": 0}, "missing_lines": [355, 356, 359, 362, 364, 365, 366, 369, 372, 373, 375, 377, 378, 379], "excluded_lines": []}, "preprocess_image_for_llm": {"executed_lines": [399], "summary": {"covered_lines": 1, "num_statements": 1, "percent_covered": 100.0, "percent_covered_display": "100", "missing_lines": 0, "excluded_lines": 0}, "missing_lines": [], "excluded_lines": []}, "preprocess_image_for_ocr": {"executed_lines": [], "summary": {"covered_lines": 0, "num_statements": 1, "percent_covered": 0.0, "percent_covered_display": "0", "missing_lines": 1, "excluded_lines": 0}, "missing_lines": [414], "excluded_lines": []}, "": {"executed_lines": [1, 14, 15, 16, 17, 18, 20, 23, 24, 27, 28, 29, 30, 32, 36, 125, 164, 198, 261, 312, 345, 383, 386, 404], "summary": {"covered_lines": 22, "num_statements": 22, "percent_covered": 100.0, "percent_covered_display": "100", "missing_lines": 0, "excluded_lines": 0}, "missing_lines": [], "excluded_lines": []}}, "classes": {"ImagePreprocessor": {"executed_lines": [34, 55, 57, 58, 59, 69, 70, 71, 76, 77, 78, 81, 85, 86, 89, 90, 93, 102, 103, 104, 107, 108, 110, 111, 112, 114, 118, 135, 137, 138, 139, 142, 143, 144, 147, 148, 149, 152, 153, 154, 156, 158, 171, 172, 173, 176, 187, 188, 189, 190, 192, 193, 194, 196, 279, 280, 281, 290, 295, 302, 303, 310], "summary": {"covered_lines": 62, "num_statements": 141, "percent_covered": 43.97163120567376, "percent_covered_display": "44", "missing_lines": 79, "excluded_lines": 0}, "missing_lines": [72, 73, 82, 95, 96, 99, 105, 120, 121, 123, 160, 161, 162, 177, 178, 179, 180, 181, 182, 213, 216, 217, 218, 219, 221, 222, 223, 224, 226, 229, 230, 232, 233, 234, 235, 237, 238, 239, 241, 242, 245, 248, 250, 253, 254, 255, 258, 259, 291, 292, 296, 299, 304, 307, 326, 327, 330, 332, 333, 334, 335, 337, 338, 339, 343, 355, 356, 359, 362, 364, 365, 366, 369, 372, 373, 375, 377, 378, 379], "excluded_lines": []}, "": {"executed_lines": [1, 14, 15, 16, 17, 18, 20, 23, 24, 27, 28, 29, 30, 32, 36, 125, 164, 198, 261, 312, 345, 383, 386, 399, 404], "summary": {"covered_lines": 23, "num_statements": 24, "percent_covered": 95.83333333333333, "percent_covered_display": "96", "missing_lines": 1, "excluded_lines": 0}, "missing_lines": [414], "excluded_lines": []}}}, "app/utils/pagination.py": {"executed_lines": [5, 12, 13, 14, 15, 17, 20, 21, 23, 24, 25, 26, 27, 29, 30, 33, 68], "summary": {"covered_lines": 15, "num_statements": 27, "percent_covered": 55.55555555555556, "percent_covered_display": "56", "missing_lines": 12, "excluded_lines": 0}, "missing_lines": [50, 53, 54, 55, 56, 57, 59, 62, 63, 65, 83, 85], "excluded_lines": [], "functions": {"paginate_query": {"executed_lines": [], "summary": {"covered_lines": 0, "num_statements": 10, "percent_covered": 0.0, "percent_covered_display": "0", "missing_lines": 10, "excluded_lines": 0}, "missing_lines": [50, 53, 54, 55, 56, 57, 59, 62, 63, 65], "excluded_lines": []}, "build_paginated_response": {"executed_lines": [], "summary": {"covered_lines": 0, "num_statements": 2, "percent_covered": 0.0, "percent_covered_display": "0", "missing_lines": 2, "excluded_lines": 0}, "missing_lines": [83, 85], "excluded_lines": []}, "": {"executed_lines": [5, 12, 13, 14, 15, 17, 20, 21, 23, 24, 25, 26, 27, 29, 30, 33, 68], "summary": {"covered_lines": 15, "num_statements": 15, "percent_covered": 100.0, "percent_covered_display": "100", "missing_lines": 0, "excluded_lines": 0}, "missing_lines": [], "excluded_lines": []}}, "classes": {"PaginatedResult": {"executed_lines": [], "summary": {"covered_lines": 0, "num_statements": 0, "percent_covered": 100.0, "percent_covered_display": "100", "missing_lines": 0, "excluded_lines": 0}, "missing_lines": [], "excluded_lines": []}, "PaginatedResult.Config": {"executed_lines": [], "summary": {"covered_lines": 0, "num_statements": 0, "percent_covered": 100.0, "percent_covered_display": "100", "missing_lines": 0, "excluded_lines": 0}, "missing_lines": [], "excluded_lines": []}, "": {"executed_lines": [5, 12, 13, 14, 15, 17, 20, 21, 23, 24, 25, 26, 27, 29, 30, 33, 68], "summary": {"covered_lines": 15, "num_statements": 27, "percent_covered": 55.55555555555556, "percent_covered_display": "56", "missing_lines": 12, "excluded_lines": 0}, "missing_lines": [50, 53, 54, 55, 56, 57, 59, 62, 63, 65, 83, 85], "excluded_lines": []}}}}, "totals": {"covered_lines": 4813, "num_statements": 15908, "percent_covered": 30.255217500628614, "percent_covered_display": "30", "missing_lines": 11095, "excluded_lines": 2}}