================================================================================
SESSION 1-3 ACCURACY MEASUREMENT
================================================================================

Initializing DocumentTypeDetector (use_mock=False)...
[OK] Detector initialized

Loaded 21 approved test documents

Testing TD-001: 20251111_9f3c4096_CME 25hrs June 2025.pdf
  Expected: cme
  [ERROR]: [Errno 2] No such file or directory: 'backend\\uploads\\2025\\11\\20251111_9f3c4096_CME 25hrs June 2025.pdf'

Testing TD-002: 20251111_e47ddf8b_25 CMEs July 2023.pdf
  Expected: cme
  [ERROR]: [Errno 2] No such file or directory: 'backend\\uploads\\2025\\11\\20251111_e47ddf8b_25 CMEs July 2023.pdf'

Testing TD-003: 20251113_9be2def0_certificate-1157731502 (1).pdf
  Expected: cme
  [ERROR]: [Errno 2] No such file or directory: 'backend\\uploads\\2025\\11\\20251113_9be2def0_certificate-1157731502 (1).pdf'

Testing TD-004: 20251110_9d5158bb_BNDD.pdf
  Expected: controlled_substance
  [ERROR]: [Errno 2] No such file or directory: 'backend\\uploads\\2025\\11\\20251110_9d5158bb_BNDD.pdf'

Testing TD-005: 20251109_924a7d6f_ABIM IM.png
  Expected: board_certification
  [ERROR]: [Errno 2] No such file or directory: 'backend\\uploads\\2025\\11\\20251109_924a7d6f_ABIM IM.png'

Testing TD-006: 20251109_a0b4d06a_Medical School.png
  Expected: diploma
  [ERROR]: [Errno 2] No such file or directory: 'backend\\uploads\\2025\\11\\20251109_a0b4d06a_Medical School.png'

Testing TD-009: 20251113_35fc8cd6_NetCE(3).png
  Expected: cme
  [ERROR]: [Errno 2] No such file or directory: 'backend\\uploads\\2025\\11\\20251113_35fc8cd6_NetCE(3).png'

Testing TD-010: 20251113_42063a54_WillsEye Hospital(5).png
  Expected: training_certificate
  [ERROR]: [Errno 2] No such file or directory: 'backend\\uploads\\2025\\11\\20251113_42063a54_WillsEye Hospital(5).png'

Testing TD-011: FL - Presscribing contolled substances CME 2023.pdf
  Expected: cme
  [ERROR]: [Errno 2] No such file or directory: 'backend\\uploads\\2025\\11\\FL - Presscribing contolled substances CME 2023.pdf'

Testing TD-012: PA Child abuse CME 2022.pdf
  Expected: cme
  [ERROR]: [Errno 2] No such file or directory: 'backend\\uploads\\2025\\11\\PA Child abuse CME 2022.pdf'

Testing TD-013: Implicit bias CMW.pdf
  Expected: cme
  [ERROR]: [Errno 2] No such file or directory: 'backend\\uploads\\2025\\11\\Implicit bias CMW.pdf'

Testing TD-014: certificate-1157737702.pdf
  Expected: cme
  [ERROR]: [Errno 2] No such file or directory: 'backend\\uploads\\2025\\11\\certificate-1157737702.pdf'

Testing TD-015: _NE-Physician-CE-2024-Nebraska-Medical-Licensure-Program-37318187-certificate.pdf
  Expected: cme
  [ERROR]: [Errno 2] No such file or directory: 'backend\\uploads\\2025\\11\\_NE-Physician-CE-2024-Nebraska-Medical-Licensure-Program-37318187-certificate.pdf'

Testing TD-016: PA Requirements_Certificate_No_369708.pdf
  Expected: cme
  [ERROR]: [Errno 2] No such file or directory: 'backend\\uploads\\2025\\11\\PA Requirements_Certificate_No_369708.pdf'

Testing TD-017: 20251113_f6bdb11e_WillsEye Hospital.png
  Expected: training_certificate
  [ERROR]: [Errno 2] No such file or directory: 'backend\\uploads\\2025\\11\\20251113_f6bdb11e_WillsEye Hospital.png'

Testing TD-018: 20251117_37877de2_WillsEye Hospital(3).png
  Expected: training_certificate
  [ERROR]: [Errno 2] No such file or directory: 'backend\\uploads\\2025\\11\\20251117_37877de2_WillsEye Hospital(3).png'

Testing TD-019: 20251117_4433bf00_NetCE(2).png
  Expected: cme
  [ERROR]: [Errno 2] No such file or directory: 'backend\\uploads\\2025\\11\\20251117_4433bf00_NetCE(2).png'

Testing TD-020: 20251117_5729c042_NetCE(6).png
  Expected: cme
  [ERROR]: [Errno 2] No such file or directory: 'backend\\uploads\\2025\\11\\20251117_5729c042_NetCE(6).png'

Testing TD-021: polaris-ht101-certificate-template.png
  Expected: training_certificate
  [ERROR]: [Errno 2] No such file or directory: 'backend\\uploads\\2025\\11\\polaris-ht101-certificate-template.png'

Testing TD-022: nguyenD.pdf
  Expected: other
  [ERROR]: [Errno 2] No such file or directory: 'backend\\uploads\\2025\\11\\nguyenD.pdf'

Testing TD-023: _FL CME Broker Instructions.pdf
  Expected: other
  [ERROR]: [Errno 2] No such file or directory: 'backend\\uploads\\2025\\11\\_FL CME Broker Instructions.pdf'

================================================================================
ACCURACY SUMMARY
================================================================================

Overall Accuracy: 0.0% (0/21)
Session 1-2 Baseline: 36.4%
Improvement: +-36.4 percentage points

Accuracy by Document Type:
--------------------------------------------------------------------------------

Failures (21):
--------------------------------------------------------------------------------
  TD-001: 20251111_9f3c4096_CME 25hrs June 2025.pdf
    Error: [Errno 2] No such file or directory: 'backend\\uploads\\2025\\11\\20251111_9f3c4096_CME 25hrs June 2025.pdf'
  TD-002: 20251111_e47ddf8b_25 CMEs July 2023.pdf
    Error: [Errno 2] No such file or directory: 'backend\\uploads\\2025\\11\\20251111_e47ddf8b_25 CMEs July 2023.pdf'
  TD-003: 20251113_9be2def0_certificate-1157731502 (1).pdf
    Error: [Errno 2] No such file or directory: 'backend\\uploads\\2025\\11\\20251113_9be2def0_certificate-1157731502 (1).pdf'
  TD-004: 20251110_9d5158bb_BNDD.pdf
    Error: [Errno 2] No such file or directory: 'backend\\uploads\\2025\\11\\20251110_9d5158bb_BNDD.pdf'
  TD-005: 20251109_924a7d6f_ABIM IM.png
    Error: [Errno 2] No such file or directory: 'backend\\uploads\\2025\\11\\20251109_924a7d6f_ABIM IM.png'
  TD-006: 20251109_a0b4d06a_Medical School.png
    Error: [Errno 2] No such file or directory: 'backend\\uploads\\2025\\11\\20251109_a0b4d06a_Medical School.png'
  TD-009: 20251113_35fc8cd6_NetCE(3).png
    Error: [Errno 2] No such file or directory: 'backend\\uploads\\2025\\11\\20251113_35fc8cd6_NetCE(3).png'
  TD-010: 20251113_42063a54_WillsEye Hospital(5).png
    Error: [Errno 2] No such file or directory: 'backend\\uploads\\2025\\11\\20251113_42063a54_WillsEye Hospital(5).png'
  TD-011: FL - Presscribing contolled substances CME 2023.pdf
    Error: [Errno 2] No such file or directory: 'backend\\uploads\\2025\\11\\FL - Presscribing contolled substances CME 2023.pdf'
  TD-012: PA Child abuse CME 2022.pdf
    Error: [Errno 2] No such file or directory: 'backend\\uploads\\2025\\11\\PA Child abuse CME 2022.pdf'
  TD-013: Implicit bias CMW.pdf
    Error: [Errno 2] No such file or directory: 'backend\\uploads\\2025\\11\\Implicit bias CMW.pdf'
  TD-014: certificate-1157737702.pdf
    Error: [Errno 2] No such file or directory: 'backend\\uploads\\2025\\11\\certificate-1157737702.pdf'
  TD-015: _NE-Physician-CE-2024-Nebraska-Medical-Licensure-Program-37318187-certificate.pdf
    Error: [Errno 2] No such file or directory: 'backend\\uploads\\2025\\11\\_NE-Physician-CE-2024-Nebraska-Medical-Licensure-Program-37318187-certificate.pdf'
  TD-016: PA Requirements_Certificate_No_369708.pdf
    Error: [Errno 2] No such file or directory: 'backend\\uploads\\2025\\11\\PA Requirements_Certificate_No_369708.pdf'
  TD-017: 20251113_f6bdb11e_WillsEye Hospital.png
    Error: [Errno 2] No such file or directory: 'backend\\uploads\\2025\\11\\20251113_f6bdb11e_WillsEye Hospital.png'
  TD-018: 20251117_37877de2_WillsEye Hospital(3).png
    Error: [Errno 2] No such file or directory: 'backend\\uploads\\2025\\11\\20251117_37877de2_WillsEye Hospital(3).png'
  TD-019: 20251117_4433bf00_NetCE(2).png
    Error: [Errno 2] No such file or directory: 'backend\\uploads\\2025\\11\\20251117_4433bf00_NetCE(2).png'
  TD-020: 20251117_5729c042_NetCE(6).png
    Error: [Errno 2] No such file or directory: 'backend\\uploads\\2025\\11\\20251117_5729c042_NetCE(6).png'
  TD-021: polaris-ht101-certificate-template.png
    Error: [Errno 2] No such file or directory: 'backend\\uploads\\2025\\11\\polaris-ht101-certificate-template.png'
  TD-022: nguyenD.pdf
    Error: [Errno 2] No such file or directory: 'backend\\uploads\\2025\\11\\nguyenD.pdf'
  TD-023: _FL CME Broker Instructions.pdf
    Error: [Errno 2] No such file or directory: 'backend\\uploads\\2025\\11\\_FL CME Broker Instructions.pdf'

[OK] Results saved to ..\docs\ux-ui\outputs\SESSION-1-3-ACCURACY-RESULTS.json

[FAIL] Accuracy 0.0% below 95% target
